2024-10-28 19:59:27,150 - DEBUG - load_ssl_context verify=True cert=None trust_env=True http2=False
2024-10-28 19:59:27,150 - DEBUG - load_verify_locations cafile='C:\\Users\\Daniel Hill\\Documents\\THEPROJECT\\MAIN\\BlenderTranscriptionProject\\.venv\\Lib\\site-packages\\certifi\\cacert.pem'
2024-10-28 19:59:27,312 - DEBUG - {"topologyId": {"$oid": "67204f8fa838c404aff45e2b"}, "driverConnectionId": 1, "serverHost": "cluster0-shard-00-02.ebbax.mongodb.net", "serverPort": 27017, "awaited": false, "message": "Server heartbeat started"}
2024-10-28 19:59:27,348 - DEBUG - {"topologyId": {"$oid": "67204f8fa838c404aff45e2b"}, "driverConnectionId": 1, "serverHost": "cluster0-shard-00-01.ebbax.mongodb.net", "serverPort": 27017, "awaited": false, "message": "Server heartbeat started"}
2024-10-28 19:59:27,374 - DEBUG - {"topologyId": {"$oid": "67204f8fa838c404aff45e2b"}, "driverConnectionId": 1, "serverConnectionId": 60956, "serverHost": "cluster0-shard-00-02.ebbax.mongodb.net", "serverPort": 27017, "awaited": false, "durationMS": 46.000000002095476, "reply": "{\"topologyVersion\": {\"processId\": {\"$oid\": \"671c00afe3a8cbdbcc18656c\"}, \"counter\": 3}, \"hosts\": [\"cluster0-shard-00-00.ebbax.mongodb.net:27017\", \"cluster0-shard-00-01.ebbax.mongodb.net:27017\", \"cluster0-shard-00-02.ebbax.mongodb.net:27017\"], \"setName\": \"atlas-gooyc0-shard-0\", \"setVersion\": 17, \"secondary\": true, \"primary\": \"cluster0-shard-00-01.ebbax.mongodb.net:27017\", \"tags\": {\"region\": \"US_WEST_2\", \"diskState\": \"READY\", \"provider\": \"AWS\", \"availabilityZone\": \"usw2-az3\", \"workloadType\": \"OPERATIONAL\", \"nodeType\": \"ELECTABLE\"}, \"me\": \"cluster0-shard-00-02.ebbax.mongodb.net:27017\", \"lastWrite\": {\"opTime\": {\"ts\": {\"$timestamp\": {\"t\": 1730170767, \"i\": 13}}, \"t\": 186}, \"lastWriteDate\": {\"$date\": \"2024-10-29T02:59:27Z\"}, \"majorityOpTime\": {\"ts\": {\"$timestamp\": {\"t\": 1730170767, \"i\": 13}}, \"t\": 186}, \"majorityWriteDate\": {\"$date\": \"2024-10-29T02:59:27Z\"}}, \"maxBsonObjectSize\": 16777216, \"maxMessageSizeBytes\": 48000000, \"maxWriteBatchSize\": 100000, \"localTime\": {\"$date\": \"2024-10-29T02:59:27...", "message": "Server heartbeat succeeded"}
2024-10-28 19:59:27,374 - DEBUG - {"topologyId": {"$oid": "67204f8fa838c404aff45e2b"}, "driverConnectionId": 1, "serverHost": "cluster0-shard-00-00.ebbax.mongodb.net", "serverPort": 27017, "awaited": false, "message": "Server heartbeat started"}
2024-10-28 19:59:27,375 - DEBUG - {"clientId": {"$oid": "67204f8fa838c404aff45e2b"}, "message": "Connection pool ready", "serverHost": "cluster0-shard-00-02.ebbax.mongodb.net", "serverPort": 27017}
2024-10-28 19:59:27,375 - DEBUG - {"topologyId": {"$oid": "67204f8fa838c404aff45e2b"}, "previousDescription": "<TopologyDescription id: 67204f8fa838c404aff45e2b, topology_type: ReplicaSetNoPrimary, servers: [<ServerDescription ('cluster0-shard-00-00.ebbax.mongodb.net', 27017) server_type: Unknown, rtt: None>, <ServerDescription ('cluster0-shard-00-01.ebbax.mongodb.net', 27017) server_type: Unknown, rtt: None>, <ServerDescription ('cluster0-shard-00-02.ebbax.mongodb.net', 27017) server_type: Unknown, rtt: None>]>", "newDescription": "<TopologyDescription id: 67204f8fa838c404aff45e2b, topology_type: ReplicaSetNoPrimary, servers: [<ServerDescription ('cluster0-shard-00-00.ebbax.mongodb.net', 27017) server_type: Unknown, rtt: None>, <ServerDescription ('cluster0-shard-00-01.ebbax.mongodb.net', 27017) server_type: Unknown, rtt: None>, <ServerDescription ('cluster0-shard-00-02.ebbax.mongodb.net', 27017) server_type: RSSecondary, rtt: 0.046000000002095476>]>", "message": "Topology description changed"}
2024-10-28 19:59:27,376 - DEBUG - {"topologyId": {"$oid": "67204f8fa838c404aff45e2b"}, "driverConnectionId": 1, "serverConnectionId": 60956, "serverHost": "cluster0-shard-00-02.ebbax.mongodb.net", "serverPort": 27017, "awaited": true, "message": "Server heartbeat started"}
2024-10-28 19:59:27,396 - DEBUG - Changing event name from creating-client-class.iot-data to creating-client-class.iot-data-plane
2024-10-28 19:59:27,397 - DEBUG - Changing event name from before-call.apigateway to before-call.api-gateway
2024-10-28 19:59:27,397 - DEBUG - Changing event name from request-created.machinelearning.Predict to request-created.machine-learning.Predict
2024-10-28 19:59:27,398 - DEBUG - Changing event name from before-parameter-build.autoscaling.CreateLaunchConfiguration to before-parameter-build.auto-scaling.CreateLaunchConfiguration
2024-10-28 19:59:27,398 - DEBUG - Changing event name from before-parameter-build.route53 to before-parameter-build.route-53
2024-10-28 19:59:27,398 - DEBUG - Changing event name from request-created.cloudsearchdomain.Search to request-created.cloudsearch-domain.Search
2024-10-28 19:59:27,398 - DEBUG - Changing event name from docs.*.autoscaling.CreateLaunchConfiguration.complete-section to docs.*.auto-scaling.CreateLaunchConfiguration.complete-section
2024-10-28 19:59:27,399 - DEBUG - Changing event name from before-parameter-build.logs.CreateExportTask to before-parameter-build.cloudwatch-logs.CreateExportTask
2024-10-28 19:59:27,399 - DEBUG - Changing event name from docs.*.logs.CreateExportTask.complete-section to docs.*.cloudwatch-logs.CreateExportTask.complete-section
2024-10-28 19:59:27,399 - DEBUG - {"topologyId": {"$oid": "67204f8fa838c404aff45e2b"}, "driverConnectionId": 1, "serverConnectionId": 65437, "serverHost": "cluster0-shard-00-01.ebbax.mongodb.net", "serverPort": 27017, "awaited": false, "durationMS": 47.0000000204891, "reply": "{\"topologyVersion\": {\"processId\": {\"$oid\": \"671bfdb565179715d9c41d3e\"}, \"counter\": 6}, \"hosts\": [\"cluster0-shard-00-00.ebbax.mongodb.net:27017\", \"cluster0-shard-00-01.ebbax.mongodb.net:27017\", \"cluster0-shard-00-02.ebbax.mongodb.net:27017\"], \"setName\": \"atlas-gooyc0-shard-0\", \"setVersion\": 17, \"isWritablePrimary\": true, \"primary\": \"cluster0-shard-00-01.ebbax.mongodb.net:27017\", \"tags\": {\"provider\": \"AWS\", \"diskState\": \"READY\", \"nodeType\": \"ELECTABLE\", \"region\": \"US_WEST_2\", \"workloadType\": \"OPERATIONAL\", \"availabilityZone\": \"usw2-az1\"}, \"me\": \"cluster0-shard-00-01.ebbax.mongodb.net:27017\", \"electionId\": {\"$oid\": \"7fffffff00000000000000ba\"}, \"lastWrite\": {\"opTime\": {\"ts\": {\"$timestamp\": {\"t\": 1730170767, \"i\": 13}}, \"t\": 186}, \"lastWriteDate\": {\"$date\": \"2024-10-29T02:59:27Z\"}, \"majorityOpTime\": {\"ts\": {\"$timestamp\": {\"t\": 1730170767, \"i\": 13}}, \"t\": 186}, \"majorityWriteDate\": {\"$date\": \"2024-10-29T02:59:27Z\"}}, \"maxBsonObjectSize\": 16777216, \"maxMessageSizeBytes\": 48000000, \"maxWriteBat...", "message": "Server heartbeat succeeded"}
2024-10-28 19:59:27,400 - DEBUG - Changing event name from before-parameter-build.cloudsearchdomain.Search to before-parameter-build.cloudsearch-domain.Search
2024-10-28 19:59:27,400 - DEBUG - {"clientId": {"$oid": "67204f8fa838c404aff45e2b"}, "message": "Connection pool ready", "serverHost": "cluster0-shard-00-01.ebbax.mongodb.net", "serverPort": 27017}
2024-10-28 19:59:27,400 - DEBUG - Changing event name from docs.*.cloudsearchdomain.Search.complete-section to docs.*.cloudsearch-domain.Search.complete-section
2024-10-28 19:59:27,400 - DEBUG - {"topologyId": {"$oid": "67204f8fa838c404aff45e2b"}, "previousDescription": "<TopologyDescription id: 67204f8fa838c404aff45e2b, topology_type: ReplicaSetNoPrimary, servers: [<ServerDescription ('cluster0-shard-00-00.ebbax.mongodb.net', 27017) server_type: Unknown, rtt: None>, <ServerDescription ('cluster0-shard-00-01.ebbax.mongodb.net', 27017) server_type: Unknown, rtt: None>, <ServerDescription ('cluster0-shard-00-02.ebbax.mongodb.net', 27017) server_type: RSSecondary, rtt: 0.046000000002095476>]>", "newDescription": "<TopologyDescription id: 67204f8fa838c404aff45e2b, topology_type: ReplicaSetWithPrimary, servers: [<ServerDescription ('cluster0-shard-00-00.ebbax.mongodb.net', 27017) server_type: Unknown, rtt: None>, <ServerDescription ('cluster0-shard-00-01.ebbax.mongodb.net', 27017) server_type: RSPrimary, rtt: 0.0470000000204891>, <ServerDescription ('cluster0-shard-00-02.ebbax.mongodb.net', 27017) server_type: RSSecondary, rtt: 0.046000000002095476>]>", "message": "Topology description changed"}
2024-10-28 19:59:27,400 - DEBUG - {"topologyId": {"$oid": "67204f8fa838c404aff45e2b"}, "driverConnectionId": 1, "serverConnectionId": 65437, "serverHost": "cluster0-shard-00-01.ebbax.mongodb.net", "serverPort": 27017, "awaited": true, "message": "Server heartbeat started"}
2024-10-28 19:59:27,411 - DEBUG - Loading JSON file: C:\Users\Daniel Hill\Documents\THEPROJECT\MAIN\BlenderTranscriptionProject\.venv\Lib\site-packages\botocore\data\endpoints.json
2024-10-28 19:59:27,421 - DEBUG - Loading JSON file: C:\Users\Daniel Hill\Documents\THEPROJECT\MAIN\BlenderTranscriptionProject\.venv\Lib\site-packages\botocore\data\sdk-default-configuration.json
2024-10-28 19:59:27,421 - DEBUG - Event choose-service-name: calling handler <function handle_service_name_alias at 0x00000248A7BE2DE0>
2024-10-28 19:59:27,429 - DEBUG - {"topologyId": {"$oid": "67204f8fa838c404aff45e2b"}, "driverConnectionId": 1, "serverConnectionId": 65309, "serverHost": "cluster0-shard-00-00.ebbax.mongodb.net", "serverPort": 27017, "awaited": false, "durationMS": 62.999999994644895, "reply": "{\"topologyVersion\": {\"processId\": {\"$oid\": \"671bfada50a0a32580dc49bf\"}, \"counter\": 4}, \"hosts\": [\"cluster0-shard-00-00.ebbax.mongodb.net:27017\", \"cluster0-shard-00-01.ebbax.mongodb.net:27017\", \"cluster0-shard-00-02.ebbax.mongodb.net:27017\"], \"setName\": \"atlas-gooyc0-shard-0\", \"setVersion\": 17, \"secondary\": true, \"primary\": \"cluster0-shard-00-01.ebbax.mongodb.net:27017\", \"tags\": {\"nodeType\": \"ELECTABLE\", \"provider\": \"AWS\", \"region\": \"US_WEST_2\", \"availabilityZone\": \"usw2-az2\", \"workloadType\": \"OPERATIONAL\", \"diskState\": \"READY\"}, \"me\": \"cluster0-shard-00-00.ebbax.mongodb.net:27017\", \"lastWrite\": {\"opTime\": {\"ts\": {\"$timestamp\": {\"t\": 1730170767, \"i\": 13}}, \"t\": 186}, \"lastWriteDate\": {\"$date\": \"2024-10-29T02:59:27Z\"}, \"majorityOpTime\": {\"ts\": {\"$timestamp\": {\"t\": 1730170767, \"i\": 13}}, \"t\": 186}, \"majorityWriteDate\": {\"$date\": \"2024-10-29T02:59:27Z\"}}, \"maxBsonObjectSize\": 16777216, \"maxMessageSizeBytes\": 48000000, \"maxWriteBatchSize\": 100000, \"localTime\": {\"$date\": \"2024-10-29T02:59:27...", "message": "Server heartbeat succeeded"}
2024-10-28 19:59:27,430 - DEBUG - {"clientId": {"$oid": "67204f8fa838c404aff45e2b"}, "message": "Connection pool ready", "serverHost": "cluster0-shard-00-00.ebbax.mongodb.net", "serverPort": 27017}
2024-10-28 19:59:27,430 - DEBUG - {"topologyId": {"$oid": "67204f8fa838c404aff45e2b"}, "previousDescription": "<TopologyDescription id: 67204f8fa838c404aff45e2b, topology_type: ReplicaSetWithPrimary, servers: [<ServerDescription ('cluster0-shard-00-00.ebbax.mongodb.net', 27017) server_type: Unknown, rtt: None>, <ServerDescription ('cluster0-shard-00-01.ebbax.mongodb.net', 27017) server_type: RSPrimary, rtt: 0.0470000000204891>, <ServerDescription ('cluster0-shard-00-02.ebbax.mongodb.net', 27017) server_type: RSSecondary, rtt: 0.046000000002095476>]>", "newDescription": "<TopologyDescription id: 67204f8fa838c404aff45e2b, topology_type: ReplicaSetWithPrimary, servers: [<ServerDescription ('cluster0-shard-00-00.ebbax.mongodb.net', 27017) server_type: RSSecondary, rtt: 0.0629999999946449>, <ServerDescription ('cluster0-shard-00-01.ebbax.mongodb.net', 27017) server_type: RSPrimary, rtt: 0.0470000000204891>, <ServerDescription ('cluster0-shard-00-02.ebbax.mongodb.net', 27017) server_type: RSSecondary, rtt: 0.046000000002095476>]>", "message": "Topology description changed"}
2024-10-28 19:59:27,430 - DEBUG - {"topologyId": {"$oid": "67204f8fa838c404aff45e2b"}, "driverConnectionId": 1, "serverConnectionId": 65309, "serverHost": "cluster0-shard-00-00.ebbax.mongodb.net", "serverPort": 27017, "awaited": true, "message": "Server heartbeat started"}
2024-10-28 19:59:27,459 - DEBUG - Loading JSON file: C:\Users\Daniel Hill\Documents\THEPROJECT\MAIN\BlenderTranscriptionProject\.venv\Lib\site-packages\botocore\data\s3\2006-03-01\service-2.json.gz
2024-10-28 19:59:27,496 - DEBUG - Loading JSON file: C:\Users\Daniel Hill\Documents\THEPROJECT\MAIN\BlenderTranscriptionProject\.venv\Lib\site-packages\botocore\data\s3\2006-03-01\endpoint-rule-set-1.json.gz
2024-10-28 19:59:27,502 - DEBUG - Loading JSON file: C:\Users\Daniel Hill\Documents\THEPROJECT\MAIN\BlenderTranscriptionProject\.venv\Lib\site-packages\botocore\data\partitions.json
2024-10-28 19:59:27,502 - DEBUG - Event creating-client-class.s3: calling handler <function add_generate_presigned_post at 0x00000248A7B1F6A0>
2024-10-28 19:59:27,502 - DEBUG - Event creating-client-class.s3: calling handler <function lazy_call.<locals>._handler at 0x00000248AAB1FB00>
2024-10-28 19:59:27,515 - DEBUG - Event creating-client-class.s3: calling handler <function add_generate_presigned_url at 0x00000248A7B1F420>
2024-10-28 19:59:27,515 - DEBUG - Looking for endpoint for s3 via: environment_service
2024-10-28 19:59:27,515 - DEBUG - Looking for endpoint for s3 via: environment_global
2024-10-28 19:59:27,515 - DEBUG - Looking for endpoint for s3 via: config_service
2024-10-28 19:59:27,515 - DEBUG - Looking for endpoint for s3 via: config_global
2024-10-28 19:59:27,515 - DEBUG - No configured endpoint found.
2024-10-28 19:59:27,516 - DEBUG - Setting s3 timeout as (60, 60)
2024-10-28 19:59:27,520 - DEBUG - Loading JSON file: C:\Users\Daniel Hill\Documents\THEPROJECT\MAIN\BlenderTranscriptionProject\.venv\Lib\site-packages\botocore\data\_retry.json
2024-10-28 19:59:27,520 - DEBUG - Registering retry handlers for service: s3
2024-10-28 19:59:27,520 - DEBUG - Registering S3 region redirector handler
2024-10-28 19:59:27,521 - DEBUG - Registering S3Express Identity Resolver
2024-10-28 19:59:27,985 - DEBUG - Event choose-service-name: calling handler <function handle_service_name_alias at 0x00000248A7BE2DE0>
2024-10-28 19:59:27,985 - DEBUG - Event creating-client-class.s3: calling handler <function add_generate_presigned_post at 0x00000248A7B1F6A0>
2024-10-28 19:59:27,985 - DEBUG - Event creating-client-class.s3: calling handler <function lazy_call.<locals>._handler at 0x00000248AAB1FB00>
2024-10-28 19:59:27,985 - DEBUG - Event creating-client-class.s3: calling handler <function add_generate_presigned_url at 0x00000248A7B1F420>
2024-10-28 19:59:27,985 - DEBUG - Looking for endpoint for s3 via: environment_service
2024-10-28 19:59:27,985 - DEBUG - Looking for endpoint for s3 via: environment_global
2024-10-28 19:59:27,985 - DEBUG - Looking for endpoint for s3 via: config_service
2024-10-28 19:59:27,985 - DEBUG - Looking for endpoint for s3 via: config_global
2024-10-28 19:59:27,985 - DEBUG - No configured endpoint found.
2024-10-28 19:59:27,986 - DEBUG - Setting s3 timeout as (60, 60)
2024-10-28 19:59:27,987 - DEBUG - Registering retry handlers for service: s3
2024-10-28 19:59:27,987 - DEBUG - Registering S3 region redirector handler
2024-10-28 19:59:27,987 - DEBUG - Registering S3Express Identity Resolver
2024-10-28 19:59:27,990 - DEBUG - 
def do_file_conversions(attendees_info, meeting_type, meeting_name, meeting_duration, date, org_name, org_id):
    return 1

2024-10-28 19:59:27,991 - INFO - ARGS:

2024-10-28 19:59:27,991 - INFO - Attendees: [{'first_name': 'Daniel', 'last_name': 'Hill', 'email': 'danielthill23@gmail.com', 'user_id': 167, 'role': 'Manager'}]
2024-10-28 19:59:27,991 - INFO - Meeting Type: Daniel's Test Gen Meeting
2024-10-28 19:59:27,991 - INFO - Meeting Name: Daniel's Test Gen Meeting
2024-10-28 19:59:27,991 - INFO - Meeting Duration:  0h 0m 5s
2024-10-28 19:59:27,991 - INFO - Date: 10-12-2024
2024-10-28 19:59:27,991 - INFO - Org Name: BlenderProducts
2024-10-28 19:59:27,991 - INFO - Org ID: 1
2024-10-28 19:59:27,991 - INFO - Starting file process for path: Daniel Hill_Daniel's Test Gen Meeting_10-12-2024
2024-10-28 19:59:27,993 - DEBUG - Event before-parameter-build.s3.ListObjectsV2: calling handler <function set_list_objects_encoding_type_url at 0x00000248A7BFDC60>
2024-10-28 19:59:27,993 - DEBUG - Event before-parameter-build.s3.ListObjectsV2: calling handler <function validate_bucket_name at 0x00000248A7BFC7C0>
2024-10-28 19:59:27,993 - DEBUG - Event before-parameter-build.s3.ListObjectsV2: calling handler <function remove_bucket_from_url_paths_from_model at 0x00000248A7BFE980>
2024-10-28 19:59:27,993 - DEBUG - Event before-parameter-build.s3.ListObjectsV2: calling handler <bound method S3RegionRedirectorv2.annotate_request_context of <botocore.utils.S3RegionRedirectorv2 object at 0x00000248AB26E050>>
2024-10-28 19:59:27,993 - DEBUG - Event before-parameter-build.s3.ListObjectsV2: calling handler <bound method ClientCreator._inject_s3_input_parameters of <botocore.client.ClientCreator object at 0x00000248AB028450>>
2024-10-28 19:59:27,993 - DEBUG - Event before-parameter-build.s3.ListObjectsV2: calling handler <function generate_idempotent_uuid at 0x00000248A7BFC5E0>
2024-10-28 19:59:27,993 - DEBUG - Event before-endpoint-resolution.s3: calling handler <function customize_endpoint_resolver_builtins at 0x00000248A7BFEB60>
2024-10-28 19:59:27,993 - DEBUG - Event before-endpoint-resolution.s3: calling handler <bound method S3RegionRedirectorv2.redirect_from_cache of <botocore.utils.S3RegionRedirectorv2 object at 0x00000248AB26E050>>
2024-10-28 19:59:27,993 - DEBUG - Calling endpoint provider with parameters: {'Bucket': 'bucketeer-49500e8b-0f31-49a2-acdb-780834a31e0c', 'Region': 'us-east-1', 'UseFIPS': False, 'UseDualStack': False, 'ForcePathStyle': False, 'Accelerate': False, 'UseGlobalEndpoint': True, 'Prefix': "Daniel Hill_Daniel's Test Gen Meeting_10-12-2024", 'DisableMultiRegionAccessPoints': False, 'UseArnRegion': True}
2024-10-28 19:59:27,993 - DEBUG - Endpoint provider result: https://bucketeer-49500e8b-0f31-49a2-acdb-780834a31e0c.s3.amazonaws.com
2024-10-28 19:59:27,993 - DEBUG - Selecting from endpoint provider's list of auth schemes: "sigv4". User selected auth scheme is: "None"
2024-10-28 19:59:27,993 - DEBUG - Selected auth type "v4" as "v4" with signing context params: {'region': 'us-east-1', 'signing_name': 's3', 'disableDoubleEncoding': True}
2024-10-28 19:59:27,993 - DEBUG - Event before-call.s3.ListObjectsV2: calling handler <function add_expect_header at 0x00000248A7BFCB80>
2024-10-28 19:59:27,993 - DEBUG - Event before-call.s3.ListObjectsV2: calling handler <bound method S3ExpressIdentityResolver.apply_signing_cache_key of <botocore.utils.S3ExpressIdentityResolver object at 0x00000248AB279B90>>
2024-10-28 19:59:27,993 - DEBUG - Event before-call.s3.ListObjectsV2: calling handler <function add_recursion_detection_header at 0x00000248A7BE3600>
2024-10-28 19:59:27,994 - DEBUG - Event before-call.s3.ListObjectsV2: calling handler <function inject_api_version_header_if_needed at 0x00000248A7BFE0C0>
2024-10-28 19:59:27,994 - DEBUG - Making request for OperationModel(name=ListObjectsV2) with params: {'url_path': '?list-type=2', 'query_string': {'prefix': "Daniel Hill_Daniel's Test Gen Meeting_10-12-2024", 'encoding-type': 'url'}, 'method': 'GET', 'headers': {'User-Agent': 'Boto3/1.34.136 md/Botocore#1.34.136 ua/2.0 os/windows#10 md/arch#amd64 lang/python#3.11.8 md/pyimpl#CPython cfg/retry-mode#legacy Botocore/1.34.136'}, 'body': b'', 'auth_path': '/bucketeer-49500e8b-0f31-49a2-acdb-780834a31e0c/', 'url': 'https://bucketeer-49500e8b-0f31-49a2-acdb-780834a31e0c.s3.amazonaws.com/?list-type=2&prefix=Daniel%20Hill_Daniel%27s%20Test%20Gen%20Meeting_10-12-2024&encoding-type=url', 'context': {'client_region': 'us-east-1', 'client_config': <botocore.config.Config object at 0x00000248AB131990>, 'has_streaming_input': False, 'auth_type': 'v4', 'encoding_type_auto_set': True, 's3_redirect': {'redirected': False, 'bucket': 'bucketeer-49500e8b-0f31-49a2-acdb-780834a31e0c', 'params': {'Bucket': 'bucketeer-49500e8b-0f31-49a2-acdb-780834a31e0c', 'Prefix': "Daniel Hill_Daniel's Test Gen Meeting_10-12-2024", 'EncodingType': 'url'}}, 'input_params': {'Bucket': 'bucketeer-49500e8b-0f31-49a2-acdb-780834a31e0c', 'Prefix': "Daniel Hill_Daniel's Test Gen Meeting_10-12-2024"}, 'signing': {'region': 'us-east-1', 'signing_name': 's3', 'disableDoubleEncoding': True}, 'endpoint_properties': {'authSchemes': [{'disableDoubleEncoding': True, 'name': 'sigv4', 'signingName': 's3', 'signingRegion': 'us-east-1'}]}}}
2024-10-28 19:59:27,994 - DEBUG - Event request-created.s3.ListObjectsV2: calling handler <bound method RequestSigner.handler of <botocore.signers.RequestSigner object at 0x00000248AB25EB10>>
2024-10-28 19:59:27,994 - DEBUG - Event choose-signer.s3.ListObjectsV2: calling handler <bound method ClientCreator._default_s3_presign_to_sigv2 of <botocore.client.ClientCreator object at 0x00000248AB028450>>
2024-10-28 19:59:27,994 - DEBUG - Event choose-signer.s3.ListObjectsV2: calling handler <function set_operation_specific_signer at 0x00000248A7BFC4A0>
2024-10-28 19:59:27,994 - DEBUG - Event before-sign.s3.ListObjectsV2: calling handler <function remove_arn_from_signing_path at 0x00000248A7BFEAC0>
2024-10-28 19:59:27,994 - DEBUG - Event before-sign.s3.ListObjectsV2: calling handler <bound method S3ExpressIdentityResolver.resolve_s3express_identity of <botocore.utils.S3ExpressIdentityResolver object at 0x00000248AB279B90>>
2024-10-28 19:59:27,994 - DEBUG - Calculating signature using v4 auth.
2024-10-28 19:59:27,994 - DEBUG - CanonicalRequest:
GET
/
encoding-type=url&list-type=2&prefix=Daniel%20Hill_Daniel%27s%20Test%20Gen%20Meeting_10-12-2024
host:bucketeer-49500e8b-0f31-49a2-acdb-780834a31e0c.s3.amazonaws.com
x-amz-content-sha256:e3b0c44298fc1c149afbf4c8996fb92427ae41e4649b934ca495991b7852b855
x-amz-date:20241029T025927Z

host;x-amz-content-sha256;x-amz-date
e3b0c44298fc1c149afbf4c8996fb92427ae41e4649b934ca495991b7852b855
2024-10-28 19:59:27,994 - DEBUG - StringToSign:
AWS4-HMAC-SHA256
20241029T025927Z
20241029/us-east-1/s3/aws4_request
569332d182fcf9eab99492c719ea5a713696be8f1b8d3a6bbb13bc39a9fc9919
2024-10-28 19:59:27,994 - DEBUG - Signature:
8b092efd5d580c5afa3cb74887491ef753427f0fb8328b22f152c32c87aa71ec
2024-10-28 19:59:27,994 - DEBUG - Event request-created.s3.ListObjectsV2: calling handler <function add_retry_headers at 0x00000248A7BFE8E0>
2024-10-28 19:59:27,994 - DEBUG - Sending http request: <AWSPreparedRequest stream_output=False, method=GET, url=https://bucketeer-49500e8b-0f31-49a2-acdb-780834a31e0c.s3.amazonaws.com/?list-type=2&prefix=Daniel%20Hill_Daniel%27s%20Test%20Gen%20Meeting_10-12-2024&encoding-type=url, headers={'User-Agent': b'Boto3/1.34.136 md/Botocore#1.34.136 ua/2.0 os/windows#10 md/arch#amd64 lang/python#3.11.8 md/pyimpl#CPython cfg/retry-mode#legacy Botocore/1.34.136', 'X-Amz-Date': b'20241029T025927Z', 'X-Amz-Content-SHA256': b'e3b0c44298fc1c149afbf4c8996fb92427ae41e4649b934ca495991b7852b855', 'Authorization': b'AWS4-HMAC-SHA256 Credential=AKIAVVKH7VVUNB2BRKXK/20241029/us-east-1/s3/aws4_request, SignedHeaders=host;x-amz-content-sha256;x-amz-date, Signature=8b092efd5d580c5afa3cb74887491ef753427f0fb8328b22f152c32c87aa71ec', 'amz-sdk-invocation-id': b'71913b9e-e894-4790-9949-87f50981f47d', 'amz-sdk-request': b'attempt=1'}>
2024-10-28 19:59:27,995 - DEBUG - Certificate path: C:\Users\Daniel Hill\Documents\THEPROJECT\MAIN\BlenderTranscriptionProject\.venv\Lib\site-packages\certifi\cacert.pem
2024-10-28 19:59:27,995 - DEBUG - Starting new HTTPS connection (1): bucketeer-49500e8b-0f31-49a2-acdb-780834a31e0c.s3.amazonaws.com:443
2024-10-28 19:59:28,463 - DEBUG - https://bucketeer-49500e8b-0f31-49a2-acdb-780834a31e0c.s3.amazonaws.com:443 "GET /?list-type=2&prefix=Daniel%20Hill_Daniel%27s%20Test%20Gen%20Meeting_10-12-2024&encoding-type=url HTTP/11" 200 None
2024-10-28 19:59:28,463 - DEBUG - Response headers: {'x-amz-id-2': 'z1g0pajDtQYb+aB5z/qJopLhIKlTOB2MBXZ53ikkbqaNbZ4Yk0lS7Yr36S2Ek4EbEeKnkfpQQCI=', 'x-amz-request-id': 'NVYF090YAA0CYT7W', 'Date': 'Tue, 29 Oct 2024 02:59:29 GMT', 'x-amz-bucket-region': 'us-east-1', 'Content-Type': 'application/xml', 'Transfer-Encoding': 'chunked', 'Server': 'AmazonS3'}
2024-10-28 19:59:28,464 - DEBUG - Response body:
b'<?xml version="1.0" encoding="UTF-8"?>\n<ListBucketResult xmlns="http://s3.amazonaws.com/doc/2006-03-01/"><Name>bucketeer-49500e8b-0f31-49a2-acdb-780834a31e0c</Name><Prefix>Daniel+Hill_Daniel%27s+Test+Gen+Meeting_10-12-2024</Prefix><KeyCount>0</KeyCount><MaxKeys>1000</MaxKeys><EncodingType>url</EncodingType><IsTruncated>false</IsTruncated></ListBucketResult>'
2024-10-28 19:59:28,465 - DEBUG - Event needs-retry.s3.ListObjectsV2: calling handler <botocore.retryhandler.RetryHandler object at 0x00000248AB279A10>
2024-10-28 19:59:28,466 - DEBUG - No retry needed.
2024-10-28 19:59:28,466 - DEBUG - Event needs-retry.s3.ListObjectsV2: calling handler <bound method S3RegionRedirectorv2.redirect_from_error of <botocore.utils.S3RegionRedirectorv2 object at 0x00000248AB26E050>>
2024-10-28 19:59:28,466 - DEBUG - Event after-call.s3.ListObjectsV2: calling handler <function decode_list_object_v2 at 0x00000248A7BFDDA0>
2024-10-28 19:59:28,467 - INFO - Found 0 files to process.
2024-10-28 19:59:28,478 - DEBUG - Starting new HTTPS connection (1): us-west-2.recall.ai:443
2024-10-28 19:59:28,769 - DEBUG - https://us-west-2.recall.ai:443 "GET /api/v1/bot/9cc615ea-3b51-48c2-8f2b-95d6d5ebead1 HTTP/11" 200 4016
2024-10-28 19:59:28,774 - DEBUG - Starting new HTTPS connection (1): us-west-2-recallai-production-bot-data.s3.amazonaws.com:443
2024-10-28 19:59:29,076 - DEBUG - https://us-west-2-recallai-production-bot-data.s3.amazonaws.com:443 "GET /9cc615ea-3b51-48c2-8f2b-95d6d5ebead1/AROA3Z2PRSQANGTUQXHNJ%3Ai-0d9960232b283e76d/video-9088eb24-8184-4dbb-9181-ab4d66490390.mp4?AWSAccessKeyId=ASIA3Z2PRSQAMDBAPPRF&Signature=1cq01WR2bdi8cGdFeZs41UMb9HM%3D&x-amz-security-token=IQoJb3JpZ2luX2VjENb%2F%2F%2F%2F%2F%2F%2F%2F%2F%2FwEaCXVzLXdlc3QtMiJHMEUCIFIQvRJ5JOXblr0SkPT4N1JijBdfOaI9emxxQysSRYuMAiEA%2FzG%2FVA4QN0jtXFfTKtaQqTqOcLM%2FkPsbTmeRVf1JDkYqugUITxAAGgw4MTEzNzg3NzUwNDAiDLiTqMuB22a3TWcVlCqXBUK4tt1G9wbdy5usfkhlUtZVOmsI4GAxWhumLUZqyYYC%2BwNttxUO9UpnDv6crxcYCBPm1%2FJpFvKE%2FJo4dQbhoi2u5iZwEukG87UgXAOLur5HMkkpi5wrHy5wvWZL4g2kR4n1DgHJRdokGXWpgPMxUohu7DpHx%2FqD3y64xJ3oe3qT%2BEs%2FBM7URVlfbSc0FOR50NGGIzluXdykX5yFQORxb31NwtZ5bGMJhMeO1aNxsVkKPBCL7LsjU377UDtYiHnyk1W4ODhSMBtW5gU6ZzkUnSUtxKm2hSk%2FNMZkCSF%2BqPft7buZ80B2gEJWUfBp0PPBwBAcLArIX4%2Fx6bDpKG%2BalWAbXNfTAIQHHyYfb3r9Z4UTCDDW3eSyJZKnn80ygMNwDnvBf%2BNJsAoou116mbXomyICpu4rdR6rwKTdiPeF2TeUVe0J59e5%2FRhoYaNl8qgR4qc0UIk7zSPsajZRL065J1gP2qgxRRDR2MmwE355zWKzQDjkBeUDGfNCjlGtI3yyHpzbMSDSBoNe134KiOY8BtdQvE1WCzTbJtqxz1rDnu%2FVPavNs9paCKHg5N%2BnV3jfk8t9SkosLMHNYr92Uo9iCp%2BCaotWhK1xWLA3tlXfIMflse%2FG4jUJUEVNEualWbTv0qZfKXYDM0pyRpDpD6Rne2w2725gixmBKrWMpR3jQHo04JKZMVVLX2NGy27s561zG2b%2FbBh%2FvoE%2B0qIlmsa931azmhUqc4gmbEJVST4mYWTNQlT4PddHB32yotAo8jguP2jrBT7eguao5694MpYL93VcMALfw0LeFjGj61IreQfoWDZ7TzkkM0oIxfhY9egfl6MzRq8XLGNQzET5NQclI8CEPt1nzgkCQ97H8mY6XfZChsxXFoIvETCIiIC5BjqxAeIW53koTyhTzx8xgEqK5O1hvHDAIlpmSNlbRIeKzr5b7Cy0ztxiaZsEmj9IuzQLPXkwZpTItoi5ZTI6LSmauDIqj1nkzKZ%2Byphsj1mWRS2Qt%2Fh9d2OYDuBfMZfpJaojnBgiIfOmb5hspr9MAygR1pfkQyTBv%2FfHcE8YOhJksNkZDUqnF8OlrKfjtgkExKbByCpMenpfAVezVGD9Tms%2BDxEQeaZm74vqjF56M%2FyjCASlVQ%3D%3D&Expires=1730192369 HTTP/11" 200 8120812
2024-10-28 19:59:29,929 - DEBUG - 
def process_recall_video(video_filepath, bot_id, user_id, meeting_name, org_id):
    return 1

2024-10-28 19:59:29,929 - INFO - Processing video for bot 9cc615ea-3b51-48c2-8f2b-95d6d5ebead1
2024-10-28 19:59:29,929 - ERROR - Error processing video for bot 9cc615ea-3b51-48c2-8f2b-95d6d5ebead1: Working outside of application context.

This typically means that you attempted to use functionality that needed
the current application. To solve this, set up an application context
with app.app_context(). See the documentation for more information.
2024-10-28 19:59:29,941 - DEBUG - {"topologyId": {"$oid": "67204f8fa838c404aff45e2b"}, "serverHost": "cluster0-shard-00-01.ebbax.mongodb.net", "serverPort": 27017, "awaited": true, "durationMS": 2546.9999999913853, "failure": "\"_OperationCancelled('operation cancelled')\"", "message": "Server heartbeat failed"}
2024-10-28 19:59:29,956 - DEBUG - {"topologyId": {"$oid": "67204f8fa838c404aff45e2b"}, "serverHost": "cluster0-shard-00-00.ebbax.mongodb.net", "serverPort": 27017, "awaited": true, "durationMS": 2531.0000000172295, "failure": "\"_OperationCancelled('operation cancelled')\"", "message": "Server heartbeat failed"}
2024-10-28 19:59:30,424 - DEBUG - {"topologyId": {"$oid": "67204f8fa838c404aff45e2b"}, "serverHost": "cluster0-shard-00-02.ebbax.mongodb.net", "serverPort": 27017, "awaited": true, "durationMS": 3046.9999999913853, "failure": "\"_OperationCancelled('operation cancelled')\"", "message": "Server heartbeat failed"}
2024-10-28 20:00:41,961 - DEBUG - load_ssl_context verify=True cert=None trust_env=True http2=False
2024-10-28 20:00:41,961 - DEBUG - load_verify_locations cafile='C:\\Users\\Daniel Hill\\Documents\\THEPROJECT\\MAIN\\BlenderTranscriptionProject\\.venv\\Lib\\site-packages\\certifi\\cacert.pem'
2024-10-28 20:00:42,135 - DEBUG - {"topologyId": {"$oid": "67204fd981b662fc8b65d506"}, "driverConnectionId": 1, "serverHost": "cluster0-shard-00-01.ebbax.mongodb.net", "serverPort": 27017, "awaited": false, "message": "Server heartbeat started"}
2024-10-28 20:00:42,155 - DEBUG - {"topologyId": {"$oid": "67204fd981b662fc8b65d506"}, "driverConnectionId": 1, "serverHost": "cluster0-shard-00-00.ebbax.mongodb.net", "serverPort": 27017, "awaited": false, "message": "Server heartbeat started"}
2024-10-28 20:00:42,155 - DEBUG - {"topologyId": {"$oid": "67204fd981b662fc8b65d506"}, "driverConnectionId": 1, "serverHost": "cluster0-shard-00-02.ebbax.mongodb.net", "serverPort": 27017, "awaited": false, "message": "Server heartbeat started"}
2024-10-28 20:00:42,174 - DEBUG - Changing event name from creating-client-class.iot-data to creating-client-class.iot-data-plane
2024-10-28 20:00:42,175 - DEBUG - Changing event name from before-call.apigateway to before-call.api-gateway
2024-10-28 20:00:42,175 - DEBUG - Changing event name from request-created.machinelearning.Predict to request-created.machine-learning.Predict
2024-10-28 20:00:42,176 - DEBUG - Changing event name from before-parameter-build.autoscaling.CreateLaunchConfiguration to before-parameter-build.auto-scaling.CreateLaunchConfiguration
2024-10-28 20:00:42,176 - DEBUG - Changing event name from before-parameter-build.route53 to before-parameter-build.route-53
2024-10-28 20:00:42,176 - DEBUG - Changing event name from request-created.cloudsearchdomain.Search to request-created.cloudsearch-domain.Search
2024-10-28 20:00:42,176 - DEBUG - Changing event name from docs.*.autoscaling.CreateLaunchConfiguration.complete-section to docs.*.auto-scaling.CreateLaunchConfiguration.complete-section
2024-10-28 20:00:42,177 - DEBUG - Changing event name from before-parameter-build.logs.CreateExportTask to before-parameter-build.cloudwatch-logs.CreateExportTask
2024-10-28 20:00:42,177 - DEBUG - Changing event name from docs.*.logs.CreateExportTask.complete-section to docs.*.cloudwatch-logs.CreateExportTask.complete-section
2024-10-28 20:00:42,177 - DEBUG - Changing event name from before-parameter-build.cloudsearchdomain.Search to before-parameter-build.cloudsearch-domain.Search
2024-10-28 20:00:42,177 - DEBUG - Changing event name from docs.*.cloudsearchdomain.Search.complete-section to docs.*.cloudsearch-domain.Search.complete-section
2024-10-28 20:00:42,179 - DEBUG - Loading JSON file: C:\Users\Daniel Hill\Documents\THEPROJECT\MAIN\BlenderTranscriptionProject\.venv\Lib\site-packages\botocore\data\endpoints.json
2024-10-28 20:00:42,186 - DEBUG - Loading JSON file: C:\Users\Daniel Hill\Documents\THEPROJECT\MAIN\BlenderTranscriptionProject\.venv\Lib\site-packages\botocore\data\sdk-default-configuration.json
2024-10-28 20:00:42,186 - DEBUG - Event choose-service-name: calling handler <function handle_service_name_alias at 0x00000220BE0C2DE0>
2024-10-28 20:00:42,192 - DEBUG - {"topologyId": {"$oid": "67204fd981b662fc8b65d506"}, "driverConnectionId": 1, "serverConnectionId": 65386, "serverHost": "cluster0-shard-00-01.ebbax.mongodb.net", "serverPort": 27017, "awaited": false, "durationMS": 62.999999994644895, "reply": "{\"topologyVersion\": {\"processId\": {\"$oid\": \"671bfdb565179715d9c41d3e\"}, \"counter\": 6}, \"hosts\": [\"cluster0-shard-00-00.ebbax.mongodb.net:27017\", \"cluster0-shard-00-01.ebbax.mongodb.net:27017\", \"cluster0-shard-00-02.ebbax.mongodb.net:27017\"], \"setName\": \"atlas-gooyc0-shard-0\", \"setVersion\": 17, \"isWritablePrimary\": true, \"primary\": \"cluster0-shard-00-01.ebbax.mongodb.net:27017\", \"tags\": {\"workloadType\": \"OPERATIONAL\", \"nodeType\": \"ELECTABLE\", \"diskState\": \"READY\", \"availabilityZone\": \"usw2-az1\", \"provider\": \"AWS\", \"region\": \"US_WEST_2\"}, \"me\": \"cluster0-shard-00-01.ebbax.mongodb.net:27017\", \"electionId\": {\"$oid\": \"7fffffff00000000000000ba\"}, \"lastWrite\": {\"opTime\": {\"ts\": {\"$timestamp\": {\"t\": 1730170842, \"i\": 12}}, \"t\": 186}, \"lastWriteDate\": {\"$date\": \"2024-10-29T03:00:42Z\"}, \"majorityOpTime\": {\"ts\": {\"$timestamp\": {\"t\": 1730170842, \"i\": 12}}, \"t\": 186}, \"majorityWriteDate\": {\"$date\": \"2024-10-29T03:00:42Z\"}}, \"maxBsonObjectSize\": 16777216, \"maxMessageSizeBytes\": 48000000, \"maxWriteBat...", "message": "Server heartbeat succeeded"}
2024-10-28 20:00:42,192 - DEBUG - {"clientId": {"$oid": "67204fd981b662fc8b65d506"}, "message": "Connection pool ready", "serverHost": "cluster0-shard-00-01.ebbax.mongodb.net", "serverPort": 27017}
2024-10-28 20:00:42,192 - DEBUG - {"topologyId": {"$oid": "67204fd981b662fc8b65d506"}, "previousDescription": "<TopologyDescription id: 67204fd981b662fc8b65d506, topology_type: ReplicaSetNoPrimary, servers: [<ServerDescription ('cluster0-shard-00-00.ebbax.mongodb.net', 27017) server_type: Unknown, rtt: None>, <ServerDescription ('cluster0-shard-00-01.ebbax.mongodb.net', 27017) server_type: Unknown, rtt: None>, <ServerDescription ('cluster0-shard-00-02.ebbax.mongodb.net', 27017) server_type: Unknown, rtt: None>]>", "newDescription": "<TopologyDescription id: 67204fd981b662fc8b65d506, topology_type: ReplicaSetWithPrimary, servers: [<ServerDescription ('cluster0-shard-00-00.ebbax.mongodb.net', 27017) server_type: Unknown, rtt: None>, <ServerDescription ('cluster0-shard-00-01.ebbax.mongodb.net', 27017) server_type: RSPrimary, rtt: 0.0629999999946449>, <ServerDescription ('cluster0-shard-00-02.ebbax.mongodb.net', 27017) server_type: Unknown, rtt: None>]>", "message": "Topology description changed"}
2024-10-28 20:00:42,193 - DEBUG - {"topologyId": {"$oid": "67204fd981b662fc8b65d506"}, "driverConnectionId": 1, "serverConnectionId": 65386, "serverHost": "cluster0-shard-00-01.ebbax.mongodb.net", "serverPort": 27017, "awaited": true, "message": "Server heartbeat started"}
2024-10-28 20:00:42,210 - DEBUG - {"topologyId": {"$oid": "67204fd981b662fc8b65d506"}, "driverConnectionId": 1, "serverConnectionId": 65333, "serverHost": "cluster0-shard-00-00.ebbax.mongodb.net", "serverPort": 27017, "awaited": false, "durationMS": 62.000000005355105, "reply": "{\"topologyVersion\": {\"processId\": {\"$oid\": \"671bfada50a0a32580dc49bf\"}, \"counter\": 4}, \"hosts\": [\"cluster0-shard-00-00.ebbax.mongodb.net:27017\", \"cluster0-shard-00-01.ebbax.mongodb.net:27017\", \"cluster0-shard-00-02.ebbax.mongodb.net:27017\"], \"setName\": \"atlas-gooyc0-shard-0\", \"setVersion\": 17, \"secondary\": true, \"primary\": \"cluster0-shard-00-01.ebbax.mongodb.net:27017\", \"tags\": {\"diskState\": \"READY\", \"provider\": \"AWS\", \"region\": \"US_WEST_2\", \"workloadType\": \"OPERATIONAL\", \"availabilityZone\": \"usw2-az2\", \"nodeType\": \"ELECTABLE\"}, \"me\": \"cluster0-shard-00-00.ebbax.mongodb.net:27017\", \"lastWrite\": {\"opTime\": {\"ts\": {\"$timestamp\": {\"t\": 1730170842, \"i\": 12}}, \"t\": 186}, \"lastWriteDate\": {\"$date\": \"2024-10-29T03:00:42Z\"}, \"majorityOpTime\": {\"ts\": {\"$timestamp\": {\"t\": 1730170842, \"i\": 12}}, \"t\": 186}, \"majorityWriteDate\": {\"$date\": \"2024-10-29T03:00:42Z\"}}, \"maxBsonObjectSize\": 16777216, \"maxMessageSizeBytes\": 48000000, \"maxWriteBatchSize\": 100000, \"localTime\": {\"$date\": \"2024-10-29T03:00:42...", "message": "Server heartbeat succeeded"}
2024-10-28 20:00:42,210 - DEBUG - {"topologyId": {"$oid": "67204fd981b662fc8b65d506"}, "driverConnectionId": 1, "serverConnectionId": 60975, "serverHost": "cluster0-shard-00-02.ebbax.mongodb.net", "serverPort": 27017, "awaited": false, "durationMS": 62.000000005355105, "reply": "{\"topologyVersion\": {\"processId\": {\"$oid\": \"671c00afe3a8cbdbcc18656c\"}, \"counter\": 3}, \"hosts\": [\"cluster0-shard-00-00.ebbax.mongodb.net:27017\", \"cluster0-shard-00-01.ebbax.mongodb.net:27017\", \"cluster0-shard-00-02.ebbax.mongodb.net:27017\"], \"setName\": \"atlas-gooyc0-shard-0\", \"setVersion\": 17, \"secondary\": true, \"primary\": \"cluster0-shard-00-01.ebbax.mongodb.net:27017\", \"tags\": {\"region\": \"US_WEST_2\", \"availabilityZone\": \"usw2-az3\", \"workloadType\": \"OPERATIONAL\", \"diskState\": \"READY\", \"nodeType\": \"ELECTABLE\", \"provider\": \"AWS\"}, \"me\": \"cluster0-shard-00-02.ebbax.mongodb.net:27017\", \"lastWrite\": {\"opTime\": {\"ts\": {\"$timestamp\": {\"t\": 1730170842, \"i\": 12}}, \"t\": 186}, \"lastWriteDate\": {\"$date\": \"2024-10-29T03:00:42Z\"}, \"majorityOpTime\": {\"ts\": {\"$timestamp\": {\"t\": 1730170842, \"i\": 12}}, \"t\": 186}, \"majorityWriteDate\": {\"$date\": \"2024-10-29T03:00:42Z\"}}, \"maxBsonObjectSize\": 16777216, \"maxMessageSizeBytes\": 48000000, \"maxWriteBatchSize\": 100000, \"localTime\": {\"$date\": \"2024-10-29T03:00:42...", "message": "Server heartbeat succeeded"}
2024-10-28 20:00:42,211 - DEBUG - {"clientId": {"$oid": "67204fd981b662fc8b65d506"}, "message": "Connection pool ready", "serverHost": "cluster0-shard-00-00.ebbax.mongodb.net", "serverPort": 27017}
2024-10-28 20:00:42,211 - DEBUG - {"topologyId": {"$oid": "67204fd981b662fc8b65d506"}, "previousDescription": "<TopologyDescription id: 67204fd981b662fc8b65d506, topology_type: ReplicaSetWithPrimary, servers: [<ServerDescription ('cluster0-shard-00-00.ebbax.mongodb.net', 27017) server_type: Unknown, rtt: None>, <ServerDescription ('cluster0-shard-00-01.ebbax.mongodb.net', 27017) server_type: RSPrimary, rtt: 0.0629999999946449>, <ServerDescription ('cluster0-shard-00-02.ebbax.mongodb.net', 27017) server_type: Unknown, rtt: None>]>", "newDescription": "<TopologyDescription id: 67204fd981b662fc8b65d506, topology_type: ReplicaSetWithPrimary, servers: [<ServerDescription ('cluster0-shard-00-00.ebbax.mongodb.net', 27017) server_type: RSSecondary, rtt: 0.062000000005355105>, <ServerDescription ('cluster0-shard-00-01.ebbax.mongodb.net', 27017) server_type: RSPrimary, rtt: 0.0629999999946449>, <ServerDescription ('cluster0-shard-00-02.ebbax.mongodb.net', 27017) server_type: Unknown, rtt: None>]>", "message": "Topology description changed"}
2024-10-28 20:00:42,211 - DEBUG - {"clientId": {"$oid": "67204fd981b662fc8b65d506"}, "message": "Connection pool ready", "serverHost": "cluster0-shard-00-02.ebbax.mongodb.net", "serverPort": 27017}
2024-10-28 20:00:42,211 - DEBUG - {"topologyId": {"$oid": "67204fd981b662fc8b65d506"}, "previousDescription": "<TopologyDescription id: 67204fd981b662fc8b65d506, topology_type: ReplicaSetWithPrimary, servers: [<ServerDescription ('cluster0-shard-00-00.ebbax.mongodb.net', 27017) server_type: RSSecondary, rtt: 0.062000000005355105>, <ServerDescription ('cluster0-shard-00-01.ebbax.mongodb.net', 27017) server_type: RSPrimary, rtt: 0.0629999999946449>, <ServerDescription ('cluster0-shard-00-02.ebbax.mongodb.net', 27017) server_type: Unknown, rtt: None>]>", "newDescription": "<TopologyDescription id: 67204fd981b662fc8b65d506, topology_type: ReplicaSetWithPrimary, servers: [<ServerDescription ('cluster0-shard-00-00.ebbax.mongodb.net', 27017) server_type: RSSecondary, rtt: 0.062000000005355105>, <ServerDescription ('cluster0-shard-00-01.ebbax.mongodb.net', 27017) server_type: RSPrimary, rtt: 0.0629999999946449>, <ServerDescription ('cluster0-shard-00-02.ebbax.mongodb.net', 27017) server_type: RSSecondary, rtt: 0.062000000005355105>]>", "message": "Topology description changed"}
2024-10-28 20:00:42,211 - DEBUG - {"topologyId": {"$oid": "67204fd981b662fc8b65d506"}, "driverConnectionId": 1, "serverConnectionId": 65333, "serverHost": "cluster0-shard-00-00.ebbax.mongodb.net", "serverPort": 27017, "awaited": true, "message": "Server heartbeat started"}
2024-10-28 20:00:42,211 - DEBUG - {"topologyId": {"$oid": "67204fd981b662fc8b65d506"}, "driverConnectionId": 1, "serverConnectionId": 60975, "serverHost": "cluster0-shard-00-02.ebbax.mongodb.net", "serverPort": 27017, "awaited": true, "message": "Server heartbeat started"}
2024-10-28 20:00:42,215 - DEBUG - Loading JSON file: C:\Users\Daniel Hill\Documents\THEPROJECT\MAIN\BlenderTranscriptionProject\.venv\Lib\site-packages\botocore\data\s3\2006-03-01\service-2.json.gz
2024-10-28 20:00:42,243 - DEBUG - Loading JSON file: C:\Users\Daniel Hill\Documents\THEPROJECT\MAIN\BlenderTranscriptionProject\.venv\Lib\site-packages\botocore\data\s3\2006-03-01\endpoint-rule-set-1.json.gz
2024-10-28 20:00:42,245 - DEBUG - Loading JSON file: C:\Users\Daniel Hill\Documents\THEPROJECT\MAIN\BlenderTranscriptionProject\.venv\Lib\site-packages\botocore\data\partitions.json
2024-10-28 20:00:42,245 - DEBUG - Event creating-client-class.s3: calling handler <function add_generate_presigned_post at 0x00000220BDFFF6A0>
2024-10-28 20:00:42,245 - DEBUG - Event creating-client-class.s3: calling handler <function lazy_call.<locals>._handler at 0x00000220C0FDFF60>
2024-10-28 20:00:42,258 - DEBUG - Event creating-client-class.s3: calling handler <function add_generate_presigned_url at 0x00000220BDFFF420>
2024-10-28 20:00:42,258 - DEBUG - Looking for endpoint for s3 via: environment_service
2024-10-28 20:00:42,258 - DEBUG - Looking for endpoint for s3 via: environment_global
2024-10-28 20:00:42,258 - DEBUG - Looking for endpoint for s3 via: config_service
2024-10-28 20:00:42,259 - DEBUG - Looking for endpoint for s3 via: config_global
2024-10-28 20:00:42,259 - DEBUG - No configured endpoint found.
2024-10-28 20:00:42,259 - DEBUG - Setting s3 timeout as (60, 60)
2024-10-28 20:00:42,260 - DEBUG - Loading JSON file: C:\Users\Daniel Hill\Documents\THEPROJECT\MAIN\BlenderTranscriptionProject\.venv\Lib\site-packages\botocore\data\_retry.json
2024-10-28 20:00:42,260 - DEBUG - Registering retry handlers for service: s3
2024-10-28 20:00:42,260 - DEBUG - Registering S3 region redirector handler
2024-10-28 20:00:42,260 - DEBUG - Registering S3Express Identity Resolver
2024-10-28 20:00:42,642 - DEBUG - Event choose-service-name: calling handler <function handle_service_name_alias at 0x00000220BE0C2DE0>
2024-10-28 20:00:42,642 - DEBUG - Event creating-client-class.s3: calling handler <function add_generate_presigned_post at 0x00000220BDFFF6A0>
2024-10-28 20:00:42,642 - DEBUG - Event creating-client-class.s3: calling handler <function lazy_call.<locals>._handler at 0x00000220C0FDFF60>
2024-10-28 20:00:42,642 - DEBUG - Event creating-client-class.s3: calling handler <function add_generate_presigned_url at 0x00000220BDFFF420>
2024-10-28 20:00:42,642 - DEBUG - Looking for endpoint for s3 via: environment_service
2024-10-28 20:00:42,642 - DEBUG - Looking for endpoint for s3 via: environment_global
2024-10-28 20:00:42,642 - DEBUG - Looking for endpoint for s3 via: config_service
2024-10-28 20:00:42,642 - DEBUG - Looking for endpoint for s3 via: config_global
2024-10-28 20:00:42,642 - DEBUG - No configured endpoint found.
2024-10-28 20:00:42,643 - DEBUG - Setting s3 timeout as (60, 60)
2024-10-28 20:00:42,644 - DEBUG - Registering retry handlers for service: s3
2024-10-28 20:00:42,644 - DEBUG - Registering S3 region redirector handler
2024-10-28 20:00:42,644 - DEBUG - Registering S3Express Identity Resolver
2024-10-28 20:00:42,648 - DEBUG - 
def do_file_conversions(attendees_info, meeting_type, meeting_name, meeting_duration, date, org_name, org_id):
    return 1

2024-10-28 20:00:42,649 - INFO - ARGS:

2024-10-28 20:00:42,650 - INFO - Attendees: [{'first_name': 'Daniel', 'last_name': 'Hill', 'email': 'danielthill23@gmail.com', 'user_id': 167, 'role': 'Manager'}]
2024-10-28 20:00:42,650 - INFO - Meeting Type: Daniel's Test Gen Meeting
2024-10-28 20:00:42,650 - INFO - Meeting Name: Daniel's Test Gen Meeting
2024-10-28 20:00:42,650 - INFO - Meeting Duration:  0h 0m 5s
2024-10-28 20:00:42,650 - INFO - Date: 10-12-2024
2024-10-28 20:00:42,650 - INFO - Org Name: BlenderProducts
2024-10-28 20:00:42,650 - INFO - Org ID: 1
2024-10-28 20:00:42,650 - INFO - Starting file process for path: Daniel Hill_Daniel's Test Gen Meeting_10-12-2024
2024-10-28 20:00:42,650 - DEBUG - Event before-parameter-build.s3.ListObjectsV2: calling handler <function set_list_objects_encoding_type_url at 0x00000220BE0DDC60>
2024-10-28 20:00:42,650 - DEBUG - Event before-parameter-build.s3.ListObjectsV2: calling handler <function validate_bucket_name at 0x00000220BE0DC7C0>
2024-10-28 20:00:42,650 - DEBUG - Event before-parameter-build.s3.ListObjectsV2: calling handler <function remove_bucket_from_url_paths_from_model at 0x00000220BE0DE980>
2024-10-28 20:00:42,650 - DEBUG - Event before-parameter-build.s3.ListObjectsV2: calling handler <bound method S3RegionRedirectorv2.annotate_request_context of <botocore.utils.S3RegionRedirectorv2 object at 0x00000220C15F00D0>>
2024-10-28 20:00:42,650 - DEBUG - Event before-parameter-build.s3.ListObjectsV2: calling handler <bound method ClientCreator._inject_s3_input_parameters of <botocore.client.ClientCreator object at 0x00000220C14C6790>>
2024-10-28 20:00:42,650 - DEBUG - Event before-parameter-build.s3.ListObjectsV2: calling handler <function generate_idempotent_uuid at 0x00000220BE0DC5E0>
2024-10-28 20:00:42,650 - DEBUG - Event before-endpoint-resolution.s3: calling handler <function customize_endpoint_resolver_builtins at 0x00000220BE0DEB60>
2024-10-28 20:00:42,650 - DEBUG - Event before-endpoint-resolution.s3: calling handler <bound method S3RegionRedirectorv2.redirect_from_cache of <botocore.utils.S3RegionRedirectorv2 object at 0x00000220C15F00D0>>
2024-10-28 20:00:42,650 - DEBUG - Calling endpoint provider with parameters: {'Bucket': 'bucketeer-49500e8b-0f31-49a2-acdb-780834a31e0c', 'Region': 'us-east-1', 'UseFIPS': False, 'UseDualStack': False, 'ForcePathStyle': False, 'Accelerate': False, 'UseGlobalEndpoint': True, 'Prefix': "Daniel Hill_Daniel's Test Gen Meeting_10-12-2024", 'DisableMultiRegionAccessPoints': False, 'UseArnRegion': True}
2024-10-28 20:00:42,650 - DEBUG - Endpoint provider result: https://bucketeer-49500e8b-0f31-49a2-acdb-780834a31e0c.s3.amazonaws.com
2024-10-28 20:00:42,650 - DEBUG - Selecting from endpoint provider's list of auth schemes: "sigv4". User selected auth scheme is: "None"
2024-10-28 20:00:42,650 - DEBUG - Selected auth type "v4" as "v4" with signing context params: {'region': 'us-east-1', 'signing_name': 's3', 'disableDoubleEncoding': True}
2024-10-28 20:00:42,651 - DEBUG - Event before-call.s3.ListObjectsV2: calling handler <function add_expect_header at 0x00000220BE0DCB80>
2024-10-28 20:00:42,651 - DEBUG - Event before-call.s3.ListObjectsV2: calling handler <bound method S3ExpressIdentityResolver.apply_signing_cache_key of <botocore.utils.S3ExpressIdentityResolver object at 0x00000220C1A3D490>>
2024-10-28 20:00:42,651 - DEBUG - Event before-call.s3.ListObjectsV2: calling handler <function add_recursion_detection_header at 0x00000220BE0C3600>
2024-10-28 20:00:42,651 - DEBUG - Event before-call.s3.ListObjectsV2: calling handler <function inject_api_version_header_if_needed at 0x00000220BE0DE0C0>
2024-10-28 20:00:42,651 - DEBUG - Making request for OperationModel(name=ListObjectsV2) with params: {'url_path': '?list-type=2', 'query_string': {'prefix': "Daniel Hill_Daniel's Test Gen Meeting_10-12-2024", 'encoding-type': 'url'}, 'method': 'GET', 'headers': {'User-Agent': 'Boto3/1.34.136 md/Botocore#1.34.136 ua/2.0 os/windows#10 md/arch#amd64 lang/python#3.11.8 md/pyimpl#CPython cfg/retry-mode#legacy Botocore/1.34.136'}, 'body': b'', 'auth_path': '/bucketeer-49500e8b-0f31-49a2-acdb-780834a31e0c/', 'url': 'https://bucketeer-49500e8b-0f31-49a2-acdb-780834a31e0c.s3.amazonaws.com/?list-type=2&prefix=Daniel%20Hill_Daniel%27s%20Test%20Gen%20Meeting_10-12-2024&encoding-type=url', 'context': {'client_region': 'us-east-1', 'client_config': <botocore.config.Config object at 0x00000220C15F1990>, 'has_streaming_input': False, 'auth_type': 'v4', 'encoding_type_auto_set': True, 's3_redirect': {'redirected': False, 'bucket': 'bucketeer-49500e8b-0f31-49a2-acdb-780834a31e0c', 'params': {'Bucket': 'bucketeer-49500e8b-0f31-49a2-acdb-780834a31e0c', 'Prefix': "Daniel Hill_Daniel's Test Gen Meeting_10-12-2024", 'EncodingType': 'url'}}, 'input_params': {'Bucket': 'bucketeer-49500e8b-0f31-49a2-acdb-780834a31e0c', 'Prefix': "Daniel Hill_Daniel's Test Gen Meeting_10-12-2024"}, 'signing': {'region': 'us-east-1', 'signing_name': 's3', 'disableDoubleEncoding': True}, 'endpoint_properties': {'authSchemes': [{'disableDoubleEncoding': True, 'name': 'sigv4', 'signingName': 's3', 'signingRegion': 'us-east-1'}]}}}
2024-10-28 20:00:42,651 - DEBUG - Event request-created.s3.ListObjectsV2: calling handler <bound method RequestSigner.handler of <botocore.signers.RequestSigner object at 0x00000220C1A22250>>
2024-10-28 20:00:42,651 - DEBUG - Event choose-signer.s3.ListObjectsV2: calling handler <bound method ClientCreator._default_s3_presign_to_sigv2 of <botocore.client.ClientCreator object at 0x00000220C14C6790>>
2024-10-28 20:00:42,651 - DEBUG - Event choose-signer.s3.ListObjectsV2: calling handler <function set_operation_specific_signer at 0x00000220BE0DC4A0>
2024-10-28 20:00:42,651 - DEBUG - Event before-sign.s3.ListObjectsV2: calling handler <function remove_arn_from_signing_path at 0x00000220BE0DEAC0>
2024-10-28 20:00:42,651 - DEBUG - Event before-sign.s3.ListObjectsV2: calling handler <bound method S3ExpressIdentityResolver.resolve_s3express_identity of <botocore.utils.S3ExpressIdentityResolver object at 0x00000220C1A3D490>>
2024-10-28 20:00:42,651 - DEBUG - Calculating signature using v4 auth.
2024-10-28 20:00:42,651 - DEBUG - CanonicalRequest:
GET
/
encoding-type=url&list-type=2&prefix=Daniel%20Hill_Daniel%27s%20Test%20Gen%20Meeting_10-12-2024
host:bucketeer-49500e8b-0f31-49a2-acdb-780834a31e0c.s3.amazonaws.com
x-amz-content-sha256:e3b0c44298fc1c149afbf4c8996fb92427ae41e4649b934ca495991b7852b855
x-amz-date:20241029T030042Z

host;x-amz-content-sha256;x-amz-date
e3b0c44298fc1c149afbf4c8996fb92427ae41e4649b934ca495991b7852b855
2024-10-28 20:00:42,651 - DEBUG - StringToSign:
AWS4-HMAC-SHA256
20241029T030042Z
20241029/us-east-1/s3/aws4_request
19510cd173a02a22b103dfdf5f66aa73c4d648d78780f636cba7ed8214a1aed9
2024-10-28 20:00:42,651 - DEBUG - Signature:
3c2f3601f020c1fd0af1b1360dc237ce9fee422ab533dd5a775316868ea5d12f
2024-10-28 20:00:42,651 - DEBUG - Event request-created.s3.ListObjectsV2: calling handler <function add_retry_headers at 0x00000220BE0DE8E0>
2024-10-28 20:00:42,652 - DEBUG - Sending http request: <AWSPreparedRequest stream_output=False, method=GET, url=https://bucketeer-49500e8b-0f31-49a2-acdb-780834a31e0c.s3.amazonaws.com/?list-type=2&prefix=Daniel%20Hill_Daniel%27s%20Test%20Gen%20Meeting_10-12-2024&encoding-type=url, headers={'User-Agent': b'Boto3/1.34.136 md/Botocore#1.34.136 ua/2.0 os/windows#10 md/arch#amd64 lang/python#3.11.8 md/pyimpl#CPython cfg/retry-mode#legacy Botocore/1.34.136', 'X-Amz-Date': b'20241029T030042Z', 'X-Amz-Content-SHA256': b'e3b0c44298fc1c149afbf4c8996fb92427ae41e4649b934ca495991b7852b855', 'Authorization': b'AWS4-HMAC-SHA256 Credential=AKIAVVKH7VVUNB2BRKXK/20241029/us-east-1/s3/aws4_request, SignedHeaders=host;x-amz-content-sha256;x-amz-date, Signature=3c2f3601f020c1fd0af1b1360dc237ce9fee422ab533dd5a775316868ea5d12f', 'amz-sdk-invocation-id': b'b880414f-c923-4c8a-b4a6-965e64aca1fd', 'amz-sdk-request': b'attempt=1'}>
2024-10-28 20:00:42,652 - DEBUG - Certificate path: C:\Users\Daniel Hill\Documents\THEPROJECT\MAIN\BlenderTranscriptionProject\.venv\Lib\site-packages\certifi\cacert.pem
2024-10-28 20:00:42,652 - DEBUG - Starting new HTTPS connection (1): bucketeer-49500e8b-0f31-49a2-acdb-780834a31e0c.s3.amazonaws.com:443
2024-10-28 20:00:43,117 - DEBUG - https://bucketeer-49500e8b-0f31-49a2-acdb-780834a31e0c.s3.amazonaws.com:443 "GET /?list-type=2&prefix=Daniel%20Hill_Daniel%27s%20Test%20Gen%20Meeting_10-12-2024&encoding-type=url HTTP/11" 200 None
2024-10-28 20:00:43,117 - DEBUG - Response headers: {'x-amz-id-2': 'J+7iHNN+8PNe50lOw1Yl9O177zhd4AOj0mFGdJf7r5L3fUKEL1y/MjtpGAB2nyEZ4+WHZTVzGRI=', 'x-amz-request-id': 'SP6BMG6CN4G32V6T', 'Date': 'Tue, 29 Oct 2024 03:00:44 GMT', 'x-amz-bucket-region': 'us-east-1', 'Content-Type': 'application/xml', 'Transfer-Encoding': 'chunked', 'Server': 'AmazonS3'}
2024-10-28 20:00:43,117 - DEBUG - Response body:
b'<?xml version="1.0" encoding="UTF-8"?>\n<ListBucketResult xmlns="http://s3.amazonaws.com/doc/2006-03-01/"><Name>bucketeer-49500e8b-0f31-49a2-acdb-780834a31e0c</Name><Prefix>Daniel+Hill_Daniel%27s+Test+Gen+Meeting_10-12-2024</Prefix><KeyCount>0</KeyCount><MaxKeys>1000</MaxKeys><EncodingType>url</EncodingType><IsTruncated>false</IsTruncated></ListBucketResult>'
2024-10-28 20:00:43,118 - DEBUG - Event needs-retry.s3.ListObjectsV2: calling handler <botocore.retryhandler.RetryHandler object at 0x00000220C1A3D2D0>
2024-10-28 20:00:43,118 - DEBUG - No retry needed.
2024-10-28 20:00:43,118 - DEBUG - Event needs-retry.s3.ListObjectsV2: calling handler <bound method S3RegionRedirectorv2.redirect_from_error of <botocore.utils.S3RegionRedirectorv2 object at 0x00000220C15F00D0>>
2024-10-28 20:00:43,118 - DEBUG - Event after-call.s3.ListObjectsV2: calling handler <function decode_list_object_v2 at 0x00000220BE0DDDA0>
2024-10-28 20:00:43,118 - INFO - Found 0 files to process.
2024-10-28 20:00:43,119 - DEBUG - Starting new HTTPS connection (1): us-west-2.recall.ai:443
2024-10-28 20:00:43,427 - DEBUG - https://us-west-2.recall.ai:443 "GET /api/v1/bot/9cc615ea-3b51-48c2-8f2b-95d6d5ebead1 HTTP/11" 200 4022
2024-10-28 20:00:43,429 - DEBUG - Starting new HTTPS connection (1): us-west-2-recallai-production-bot-data.s3.amazonaws.com:443
2024-10-28 20:00:43,800 - DEBUG - https://us-west-2-recallai-production-bot-data.s3.amazonaws.com:443 "GET /9cc615ea-3b51-48c2-8f2b-95d6d5ebead1/AROA3Z2PRSQANGTUQXHNJ%3Ai-0d9960232b283e76d/video-9088eb24-8184-4dbb-9181-ab4d66490390.mp4?AWSAccessKeyId=ASIA3Z2PRSQAC7DQEXWI&Signature=Z8T3t%2FGX8YzW%2F9khQROfdeN3vCs%3D&x-amz-security-token=IQoJb3JpZ2luX2VjENb%2F%2F%2F%2F%2F%2F%2F%2F%2F%2FwEaCXVzLXdlc3QtMiJHMEUCID70Oz2WXi8TGWRGqoHeMw8XScbkDJtSPFA8CcZpu%2FpEAiEA9pvSwnUmGaYnaGEI%2BPah6d9PM742QR3qqdxTAJN%2FhS8quQUITxAAGgw4MTEzNzg3NzUwNDAiDCRrdTC%2BD%2FMBbyokeiqWBct5Svkj4X7DJ7vcA0gXx8t78WZq9NVKN%2BV%2Bj8WcrUek5FahBmOti6C0%2FFpJHJWJAFWIWw20x44q09heI8E39V0rorZZ%2FwXRldINvaZexdNVawoyMaM48jj7N9amlqjQlmGeU2QEi3gBmMRq1VsteS9lyoYRK91cd5BnUFBZ0G4oj7aKhl3CbJS8fSeaTzWlYl6R6%2Fip8dfv1hyhs1gjfiG66Nd%2F8R4CmL9kGavYD4zYP10TJvJ%2FXgBh12QIdPJ5axN4lstOSyFoWkabDtEvRNYIdHN3aA84UP3kQ8LvQA1qUZJb1ox6kPazBc2yVrtXldd41zwOApA8o5aIkEoCG4Os8Zd2nii5sFAJswboy8rXHMFbX5OQ2tDmdoO1TOFqVR58SVGPxaiBtRMXp4qCRZ9jl81z5uj46FPjLdRjwGYbwAus8ykZvdG%2B9m%2F44K50LXTjaeELHUTIKDJZ%2BtEeYafuxcc8TLCg5eo2JN3dOBHdy67RKKQHliyurzMudgqJaBiHiKpGU6PR3B5Qoudg8HRahbrTy92dmC%2Bt1QfcUbPsl10FK4kZzscmwIw0uaUW%2Fpfh8so3gaTTjPzTR5B5bXX0%2B8UC8IqPVOLELwx2bfKjH52G2k8QHnvxN5lFd7j%2BbQISuZrJiaNnGNzqTuyqJDrd5KlA9%2B5nSLjqGRRWDBjF3eUsjbcKtTIj7woW04Rr4MbxmWq2PglmMLDamMZB0eE4X%2FpmNUVFcM5ePd%2BpvTmZf9obOJbr9TUNokkD7AA1HiVGccE9XRhM1s3tQitssCOcu%2BjMAiAsld8KWDaimQMWgBdWJXQG1t%2B6hT8yrPDkRV6ITtxFCPWUxYOR85pnCfLWtf2%2FMBmv%2FGv5GqYCeKJg3t92pxf3MIeEgLkGOrEB4aO%2FjTBUZaDQCrfXAMR5dT5ZTDujJBX0TH5J3PEzNNxqYashg0ZQw8aBDaNdPpX9VP28RCdR5JAbQnTIZf1amDR6IAQVPBQ7Z0eydDhF%2FvUYGByMdzEwEYN7NC3HBt4zgAPVvCf4%2BJ9vzCjTKiTkPm%2BZrTomBd1%2Bi21SRhCL6pwUdhfxoB8p7sRS2Wyp%2FT3PDWJX4OgpuFJnjWvwm4dfeIBm9Pa7A7A38m3zLZgp4y7W&Expires=1730192443 HTTP/11" 200 8120812
2024-10-28 20:00:49,083 - DEBUG - 
def process_recall_video(video_filepath, bot_id, user_id, meeting_name, org_id):
    return 1

2024-10-28 20:00:49,084 - INFO - Processing video for bot 9cc615ea-3b51-48c2-8f2b-95d6d5ebead1
2024-10-28 20:00:49,085 - ERROR - Error processing video for bot 9cc615ea-3b51-48c2-8f2b-95d6d5ebead1: Working outside of application context.

This typically means that you attempted to use functionality that needed
the current application. To solve this, set up an application context
with app.app_context(). See the documentation for more information.
2024-10-28 20:00:49,359 - DEBUG - {"topologyId": {"$oid": "67204fd981b662fc8b65d506"}, "serverHost": "cluster0-shard-00-01.ebbax.mongodb.net", "serverPort": 27017, "awaited": true, "durationMS": 7155.999999988126, "failure": "\"_OperationCancelled('operation cancelled')\"", "message": "Server heartbeat failed"}
2024-10-28 20:00:49,375 - DEBUG - {"topologyId": {"$oid": "67204fd981b662fc8b65d506"}, "serverHost": "cluster0-shard-00-02.ebbax.mongodb.net", "serverPort": 27017, "awaited": true, "durationMS": 7155.999999988126, "failure": "\"_OperationCancelled('operation cancelled')\"", "message": "Server heartbeat failed"}
2024-10-28 20:00:49,375 - DEBUG - {"topologyId": {"$oid": "67204fd981b662fc8b65d506"}, "serverHost": "cluster0-shard-00-00.ebbax.mongodb.net", "serverPort": 27017, "awaited": true, "durationMS": 7155.999999988126, "failure": "\"_OperationCancelled('operation cancelled')\"", "message": "Server heartbeat failed"}
2024-10-28 20:02:54,243 - DEBUG - load_ssl_context verify=True cert=None trust_env=True http2=False
2024-10-28 20:02:54,243 - DEBUG - load_verify_locations cafile='C:\\Users\\Daniel Hill\\Documents\\THEPROJECT\\MAIN\\BlenderTranscriptionProject\\.venv\\Lib\\site-packages\\certifi\\cacert.pem'
2024-10-28 20:02:54,421 - DEBUG - {"topologyId": {"$oid": "6720505e1a0ccc28a1673470"}, "driverConnectionId": 1, "serverHost": "cluster0-shard-00-00.ebbax.mongodb.net", "serverPort": 27017, "awaited": false, "message": "Server heartbeat started"}
2024-10-28 20:02:54,424 - DEBUG - {"topologyId": {"$oid": "6720505e1a0ccc28a1673470"}, "driverConnectionId": 1, "serverHost": "cluster0-shard-00-02.ebbax.mongodb.net", "serverPort": 27017, "awaited": false, "message": "Server heartbeat started"}
2024-10-28 20:02:54,454 - DEBUG - {"topologyId": {"$oid": "6720505e1a0ccc28a1673470"}, "driverConnectionId": 1, "serverHost": "cluster0-shard-00-01.ebbax.mongodb.net", "serverPort": 27017, "awaited": false, "message": "Server heartbeat started"}
2024-10-28 20:02:54,465 - DEBUG - Changing event name from creating-client-class.iot-data to creating-client-class.iot-data-plane
2024-10-28 20:02:54,466 - DEBUG - Changing event name from before-call.apigateway to before-call.api-gateway
2024-10-28 20:02:54,466 - DEBUG - Changing event name from request-created.machinelearning.Predict to request-created.machine-learning.Predict
2024-10-28 20:02:54,466 - DEBUG - Changing event name from before-parameter-build.autoscaling.CreateLaunchConfiguration to before-parameter-build.auto-scaling.CreateLaunchConfiguration
2024-10-28 20:02:54,466 - DEBUG - Changing event name from before-parameter-build.route53 to before-parameter-build.route-53
2024-10-28 20:02:54,468 - DEBUG - Changing event name from request-created.cloudsearchdomain.Search to request-created.cloudsearch-domain.Search
2024-10-28 20:02:54,468 - DEBUG - Changing event name from docs.*.autoscaling.CreateLaunchConfiguration.complete-section to docs.*.auto-scaling.CreateLaunchConfiguration.complete-section
2024-10-28 20:02:54,469 - DEBUG - Changing event name from before-parameter-build.logs.CreateExportTask to before-parameter-build.cloudwatch-logs.CreateExportTask
2024-10-28 20:02:54,469 - DEBUG - Changing event name from docs.*.logs.CreateExportTask.complete-section to docs.*.cloudwatch-logs.CreateExportTask.complete-section
2024-10-28 20:02:54,469 - DEBUG - Changing event name from before-parameter-build.cloudsearchdomain.Search to before-parameter-build.cloudsearch-domain.Search
2024-10-28 20:02:54,469 - DEBUG - Changing event name from docs.*.cloudsearchdomain.Search.complete-section to docs.*.cloudsearch-domain.Search.complete-section
2024-10-28 20:02:54,471 - DEBUG - Loading JSON file: C:\Users\Daniel Hill\Documents\THEPROJECT\MAIN\BlenderTranscriptionProject\.venv\Lib\site-packages\botocore\data\endpoints.json
2024-10-28 20:02:54,477 - DEBUG - Loading JSON file: C:\Users\Daniel Hill\Documents\THEPROJECT\MAIN\BlenderTranscriptionProject\.venv\Lib\site-packages\botocore\data\sdk-default-configuration.json
2024-10-28 20:02:54,477 - DEBUG - Event choose-service-name: calling handler <function handle_service_name_alias at 0x000001CB63A22DE0>
2024-10-28 20:02:54,483 - DEBUG - {"topologyId": {"$oid": "6720505e1a0ccc28a1673470"}, "driverConnectionId": 1, "serverConnectionId": 61001, "serverHost": "cluster0-shard-00-02.ebbax.mongodb.net", "serverPort": 27017, "awaited": false, "durationMS": 46.999999991385266, "reply": "{\"topologyVersion\": {\"processId\": {\"$oid\": \"671c00afe3a8cbdbcc18656c\"}, \"counter\": 3}, \"hosts\": [\"cluster0-shard-00-00.ebbax.mongodb.net:27017\", \"cluster0-shard-00-01.ebbax.mongodb.net:27017\", \"cluster0-shard-00-02.ebbax.mongodb.net:27017\"], \"setName\": \"atlas-gooyc0-shard-0\", \"setVersion\": 17, \"secondary\": true, \"primary\": \"cluster0-shard-00-01.ebbax.mongodb.net:27017\", \"tags\": {\"workloadType\": \"OPERATIONAL\", \"availabilityZone\": \"usw2-az3\", \"diskState\": \"READY\", \"nodeType\": \"ELECTABLE\", \"region\": \"US_WEST_2\", \"provider\": \"AWS\"}, \"me\": \"cluster0-shard-00-02.ebbax.mongodb.net:27017\", \"lastWrite\": {\"opTime\": {\"ts\": {\"$timestamp\": {\"t\": 1730170974, \"i\": 22}}, \"t\": 186}, \"lastWriteDate\": {\"$date\": \"2024-10-29T03:02:54Z\"}, \"majorityOpTime\": {\"ts\": {\"$timestamp\": {\"t\": 1730170974, \"i\": 22}}, \"t\": 186}, \"majorityWriteDate\": {\"$date\": \"2024-10-29T03:02:54Z\"}}, \"maxBsonObjectSize\": 16777216, \"maxMessageSizeBytes\": 48000000, \"maxWriteBatchSize\": 100000, \"localTime\": {\"$date\": \"2024-10-29T03:02:54...", "message": "Server heartbeat succeeded"}
2024-10-28 20:02:54,483 - DEBUG - {"topologyId": {"$oid": "6720505e1a0ccc28a1673470"}, "driverConnectionId": 1, "serverConnectionId": 65362, "serverHost": "cluster0-shard-00-00.ebbax.mongodb.net", "serverPort": 27017, "awaited": false, "durationMS": 62.999999994644895, "reply": "{\"topologyVersion\": {\"processId\": {\"$oid\": \"671bfada50a0a32580dc49bf\"}, \"counter\": 4}, \"hosts\": [\"cluster0-shard-00-00.ebbax.mongodb.net:27017\", \"cluster0-shard-00-01.ebbax.mongodb.net:27017\", \"cluster0-shard-00-02.ebbax.mongodb.net:27017\"], \"setName\": \"atlas-gooyc0-shard-0\", \"setVersion\": 17, \"secondary\": true, \"primary\": \"cluster0-shard-00-01.ebbax.mongodb.net:27017\", \"tags\": {\"availabilityZone\": \"usw2-az2\", \"nodeType\": \"ELECTABLE\", \"provider\": \"AWS\", \"diskState\": \"READY\", \"region\": \"US_WEST_2\", \"workloadType\": \"OPERATIONAL\"}, \"me\": \"cluster0-shard-00-00.ebbax.mongodb.net:27017\", \"lastWrite\": {\"opTime\": {\"ts\": {\"$timestamp\": {\"t\": 1730170974, \"i\": 22}}, \"t\": 186}, \"lastWriteDate\": {\"$date\": \"2024-10-29T03:02:54Z\"}, \"majorityOpTime\": {\"ts\": {\"$timestamp\": {\"t\": 1730170974, \"i\": 22}}, \"t\": 186}, \"majorityWriteDate\": {\"$date\": \"2024-10-29T03:02:54Z\"}}, \"maxBsonObjectSize\": 16777216, \"maxMessageSizeBytes\": 48000000, \"maxWriteBatchSize\": 100000, \"localTime\": {\"$date\": \"2024-10-29T03:02:54...", "message": "Server heartbeat succeeded"}
2024-10-28 20:02:54,484 - DEBUG - {"clientId": {"$oid": "6720505e1a0ccc28a1673470"}, "message": "Connection pool ready", "serverHost": "cluster0-shard-00-02.ebbax.mongodb.net", "serverPort": 27017}
2024-10-28 20:02:54,484 - DEBUG - {"topologyId": {"$oid": "6720505e1a0ccc28a1673470"}, "previousDescription": "<TopologyDescription id: 6720505e1a0ccc28a1673470, topology_type: ReplicaSetNoPrimary, servers: [<ServerDescription ('cluster0-shard-00-00.ebbax.mongodb.net', 27017) server_type: Unknown, rtt: None>, <ServerDescription ('cluster0-shard-00-01.ebbax.mongodb.net', 27017) server_type: Unknown, rtt: None>, <ServerDescription ('cluster0-shard-00-02.ebbax.mongodb.net', 27017) server_type: Unknown, rtt: None>]>", "newDescription": "<TopologyDescription id: 6720505e1a0ccc28a1673470, topology_type: ReplicaSetNoPrimary, servers: [<ServerDescription ('cluster0-shard-00-00.ebbax.mongodb.net', 27017) server_type: Unknown, rtt: None>, <ServerDescription ('cluster0-shard-00-01.ebbax.mongodb.net', 27017) server_type: Unknown, rtt: None>, <ServerDescription ('cluster0-shard-00-02.ebbax.mongodb.net', 27017) server_type: RSSecondary, rtt: 0.046999999991385266>]>", "message": "Topology description changed"}
2024-10-28 20:02:54,484 - DEBUG - {"clientId": {"$oid": "6720505e1a0ccc28a1673470"}, "message": "Connection pool ready", "serverHost": "cluster0-shard-00-00.ebbax.mongodb.net", "serverPort": 27017}
2024-10-28 20:02:54,484 - DEBUG - {"topologyId": {"$oid": "6720505e1a0ccc28a1673470"}, "previousDescription": "<TopologyDescription id: 6720505e1a0ccc28a1673470, topology_type: ReplicaSetNoPrimary, servers: [<ServerDescription ('cluster0-shard-00-00.ebbax.mongodb.net', 27017) server_type: Unknown, rtt: None>, <ServerDescription ('cluster0-shard-00-01.ebbax.mongodb.net', 27017) server_type: Unknown, rtt: None>, <ServerDescription ('cluster0-shard-00-02.ebbax.mongodb.net', 27017) server_type: RSSecondary, rtt: 0.046999999991385266>]>", "newDescription": "<TopologyDescription id: 6720505e1a0ccc28a1673470, topology_type: ReplicaSetNoPrimary, servers: [<ServerDescription ('cluster0-shard-00-00.ebbax.mongodb.net', 27017) server_type: RSSecondary, rtt: 0.0629999999946449>, <ServerDescription ('cluster0-shard-00-01.ebbax.mongodb.net', 27017) server_type: Unknown, rtt: None>, <ServerDescription ('cluster0-shard-00-02.ebbax.mongodb.net', 27017) server_type: RSSecondary, rtt: 0.046999999991385266>]>", "message": "Topology description changed"}
2024-10-28 20:02:54,484 - DEBUG - {"topologyId": {"$oid": "6720505e1a0ccc28a1673470"}, "driverConnectionId": 1, "serverConnectionId": 61001, "serverHost": "cluster0-shard-00-02.ebbax.mongodb.net", "serverPort": 27017, "awaited": true, "message": "Server heartbeat started"}
2024-10-28 20:02:54,485 - DEBUG - {"topologyId": {"$oid": "6720505e1a0ccc28a1673470"}, "driverConnectionId": 1, "serverConnectionId": 65362, "serverHost": "cluster0-shard-00-00.ebbax.mongodb.net", "serverPort": 27017, "awaited": true, "message": "Server heartbeat started"}
2024-10-28 20:02:54,502 - DEBUG - {"topologyId": {"$oid": "6720505e1a0ccc28a1673470"}, "driverConnectionId": 1, "serverConnectionId": 65460, "serverHost": "cluster0-shard-00-01.ebbax.mongodb.net", "serverPort": 27017, "awaited": false, "durationMS": 46.999999991385266, "reply": "{\"topologyVersion\": {\"processId\": {\"$oid\": \"671bfdb565179715d9c41d3e\"}, \"counter\": 6}, \"hosts\": [\"cluster0-shard-00-00.ebbax.mongodb.net:27017\", \"cluster0-shard-00-01.ebbax.mongodb.net:27017\", \"cluster0-shard-00-02.ebbax.mongodb.net:27017\"], \"setName\": \"atlas-gooyc0-shard-0\", \"setVersion\": 17, \"isWritablePrimary\": true, \"primary\": \"cluster0-shard-00-01.ebbax.mongodb.net:27017\", \"tags\": {\"nodeType\": \"ELECTABLE\", \"region\": \"US_WEST_2\", \"workloadType\": \"OPERATIONAL\", \"provider\": \"AWS\", \"availabilityZone\": \"usw2-az1\", \"diskState\": \"READY\"}, \"me\": \"cluster0-shard-00-01.ebbax.mongodb.net:27017\", \"electionId\": {\"$oid\": \"7fffffff00000000000000ba\"}, \"lastWrite\": {\"opTime\": {\"ts\": {\"$timestamp\": {\"t\": 1730170974, \"i\": 23}}, \"t\": 186}, \"lastWriteDate\": {\"$date\": \"2024-10-29T03:02:54Z\"}, \"majorityOpTime\": {\"ts\": {\"$timestamp\": {\"t\": 1730170974, \"i\": 23}}, \"t\": 186}, \"majorityWriteDate\": {\"$date\": \"2024-10-29T03:02:54Z\"}}, \"maxBsonObjectSize\": 16777216, \"maxMessageSizeBytes\": 48000000, \"maxWriteBat...", "message": "Server heartbeat succeeded"}
2024-10-28 20:02:54,503 - DEBUG - {"clientId": {"$oid": "6720505e1a0ccc28a1673470"}, "message": "Connection pool ready", "serverHost": "cluster0-shard-00-01.ebbax.mongodb.net", "serverPort": 27017}
2024-10-28 20:02:54,503 - DEBUG - {"topologyId": {"$oid": "6720505e1a0ccc28a1673470"}, "previousDescription": "<TopologyDescription id: 6720505e1a0ccc28a1673470, topology_type: ReplicaSetNoPrimary, servers: [<ServerDescription ('cluster0-shard-00-00.ebbax.mongodb.net', 27017) server_type: RSSecondary, rtt: 0.0629999999946449>, <ServerDescription ('cluster0-shard-00-01.ebbax.mongodb.net', 27017) server_type: Unknown, rtt: None>, <ServerDescription ('cluster0-shard-00-02.ebbax.mongodb.net', 27017) server_type: RSSecondary, rtt: 0.046999999991385266>]>", "newDescription": "<TopologyDescription id: 6720505e1a0ccc28a1673470, topology_type: ReplicaSetWithPrimary, servers: [<ServerDescription ('cluster0-shard-00-00.ebbax.mongodb.net', 27017) server_type: RSSecondary, rtt: 0.0629999999946449>, <ServerDescription ('cluster0-shard-00-01.ebbax.mongodb.net', 27017) server_type: RSPrimary, rtt: 0.046999999991385266>, <ServerDescription ('cluster0-shard-00-02.ebbax.mongodb.net', 27017) server_type: RSSecondary, rtt: 0.046999999991385266>]>", "message": "Topology description changed"}
2024-10-28 20:02:54,503 - DEBUG - {"topologyId": {"$oid": "6720505e1a0ccc28a1673470"}, "driverConnectionId": 1, "serverConnectionId": 65460, "serverHost": "cluster0-shard-00-01.ebbax.mongodb.net", "serverPort": 27017, "awaited": true, "message": "Server heartbeat started"}
2024-10-28 20:02:54,507 - DEBUG - Loading JSON file: C:\Users\Daniel Hill\Documents\THEPROJECT\MAIN\BlenderTranscriptionProject\.venv\Lib\site-packages\botocore\data\s3\2006-03-01\service-2.json.gz
2024-10-28 20:02:54,535 - DEBUG - Loading JSON file: C:\Users\Daniel Hill\Documents\THEPROJECT\MAIN\BlenderTranscriptionProject\.venv\Lib\site-packages\botocore\data\s3\2006-03-01\endpoint-rule-set-1.json.gz
2024-10-28 20:02:54,536 - DEBUG - Loading JSON file: C:\Users\Daniel Hill\Documents\THEPROJECT\MAIN\BlenderTranscriptionProject\.venv\Lib\site-packages\botocore\data\partitions.json
2024-10-28 20:02:54,537 - DEBUG - Event creating-client-class.s3: calling handler <function add_generate_presigned_post at 0x000001CB639636A0>
2024-10-28 20:02:54,537 - DEBUG - Event creating-client-class.s3: calling handler <function lazy_call.<locals>._handler at 0x000001CB6694FF60>
2024-10-28 20:02:54,548 - DEBUG - Event creating-client-class.s3: calling handler <function add_generate_presigned_url at 0x000001CB63963420>
2024-10-28 20:02:54,548 - DEBUG - Looking for endpoint for s3 via: environment_service
2024-10-28 20:02:54,548 - DEBUG - Looking for endpoint for s3 via: environment_global
2024-10-28 20:02:54,548 - DEBUG - Looking for endpoint for s3 via: config_service
2024-10-28 20:02:54,548 - DEBUG - Looking for endpoint for s3 via: config_global
2024-10-28 20:02:54,548 - DEBUG - No configured endpoint found.
2024-10-28 20:02:54,549 - DEBUG - Setting s3 timeout as (60, 60)
2024-10-28 20:02:54,550 - DEBUG - Loading JSON file: C:\Users\Daniel Hill\Documents\THEPROJECT\MAIN\BlenderTranscriptionProject\.venv\Lib\site-packages\botocore\data\_retry.json
2024-10-28 20:02:54,550 - DEBUG - Registering retry handlers for service: s3
2024-10-28 20:02:54,550 - DEBUG - Registering S3 region redirector handler
2024-10-28 20:02:54,550 - DEBUG - Registering S3Express Identity Resolver
2024-10-28 20:02:54,916 - DEBUG - Event choose-service-name: calling handler <function handle_service_name_alias at 0x000001CB63A22DE0>
2024-10-28 20:02:54,916 - DEBUG - Event creating-client-class.s3: calling handler <function add_generate_presigned_post at 0x000001CB639636A0>
2024-10-28 20:02:54,916 - DEBUG - Event creating-client-class.s3: calling handler <function lazy_call.<locals>._handler at 0x000001CB6694FF60>
2024-10-28 20:02:54,916 - DEBUG - Event creating-client-class.s3: calling handler <function add_generate_presigned_url at 0x000001CB63963420>
2024-10-28 20:02:54,916 - DEBUG - Looking for endpoint for s3 via: environment_service
2024-10-28 20:02:54,916 - DEBUG - Looking for endpoint for s3 via: environment_global
2024-10-28 20:02:54,916 - DEBUG - Looking for endpoint for s3 via: config_service
2024-10-28 20:02:54,916 - DEBUG - Looking for endpoint for s3 via: config_global
2024-10-28 20:02:54,916 - DEBUG - No configured endpoint found.
2024-10-28 20:02:54,917 - DEBUG - Setting s3 timeout as (60, 60)
2024-10-28 20:02:54,917 - DEBUG - Registering retry handlers for service: s3
2024-10-28 20:02:54,917 - DEBUG - Registering S3 region redirector handler
2024-10-28 20:02:54,918 - DEBUG - Registering S3Express Identity Resolver
2024-10-28 20:02:54,921 - DEBUG - 
def do_file_conversions(attendees_info, meeting_type, meeting_name, meeting_duration, date, org_name, org_id):
    return 1

2024-10-28 20:02:54,923 - INFO - ARGS:

2024-10-28 20:02:54,923 - INFO - Attendees: [{'first_name': 'Daniel', 'last_name': 'Hill', 'email': 'danielthill23@gmail.com', 'user_id': 167, 'role': 'Manager'}]
2024-10-28 20:02:54,923 - INFO - Meeting Type: Daniel's Test Gen Meeting
2024-10-28 20:02:54,923 - INFO - Meeting Name: Daniel's Test Gen Meeting
2024-10-28 20:02:54,923 - INFO - Meeting Duration:  0h 0m 5s
2024-10-28 20:02:54,923 - INFO - Date: 10-12-2024
2024-10-28 20:02:54,923 - INFO - Org Name: BlenderProducts
2024-10-28 20:02:54,923 - INFO - Org ID: 1
2024-10-28 20:02:54,923 - INFO - Starting file process for path: Daniel Hill_Daniel's Test Gen Meeting_10-12-2024
2024-10-28 20:02:54,923 - DEBUG - Event before-parameter-build.s3.ListObjectsV2: calling handler <function set_list_objects_encoding_type_url at 0x000001CB63A3DC60>
2024-10-28 20:02:54,923 - DEBUG - Event before-parameter-build.s3.ListObjectsV2: calling handler <function validate_bucket_name at 0x000001CB63A3C7C0>
2024-10-28 20:02:54,923 - DEBUG - Event before-parameter-build.s3.ListObjectsV2: calling handler <function remove_bucket_from_url_paths_from_model at 0x000001CB63A3E980>
2024-10-28 20:02:54,923 - DEBUG - Event before-parameter-build.s3.ListObjectsV2: calling handler <bound method S3RegionRedirectorv2.annotate_request_context of <botocore.utils.S3RegionRedirectorv2 object at 0x000001CB673A18D0>>
2024-10-28 20:02:54,923 - DEBUG - Event before-parameter-build.s3.ListObjectsV2: calling handler <bound method ClientCreator._inject_s3_input_parameters of <botocore.client.ClientCreator object at 0x000001CB66E3A890>>
2024-10-28 20:02:54,923 - DEBUG - Event before-parameter-build.s3.ListObjectsV2: calling handler <function generate_idempotent_uuid at 0x000001CB63A3C5E0>
2024-10-28 20:02:54,923 - DEBUG - Event before-endpoint-resolution.s3: calling handler <function customize_endpoint_resolver_builtins at 0x000001CB63A3EB60>
2024-10-28 20:02:54,923 - DEBUG - Event before-endpoint-resolution.s3: calling handler <bound method S3RegionRedirectorv2.redirect_from_cache of <botocore.utils.S3RegionRedirectorv2 object at 0x000001CB673A18D0>>
2024-10-28 20:02:54,923 - DEBUG - Calling endpoint provider with parameters: {'Bucket': 'bucketeer-49500e8b-0f31-49a2-acdb-780834a31e0c', 'Region': 'us-east-1', 'UseFIPS': False, 'UseDualStack': False, 'ForcePathStyle': False, 'Accelerate': False, 'UseGlobalEndpoint': True, 'Prefix': "Daniel Hill_Daniel's Test Gen Meeting_10-12-2024", 'DisableMultiRegionAccessPoints': False, 'UseArnRegion': True}
2024-10-28 20:02:54,924 - DEBUG - Endpoint provider result: https://bucketeer-49500e8b-0f31-49a2-acdb-780834a31e0c.s3.amazonaws.com
2024-10-28 20:02:54,924 - DEBUG - Selecting from endpoint provider's list of auth schemes: "sigv4". User selected auth scheme is: "None"
2024-10-28 20:02:54,924 - DEBUG - Selected auth type "v4" as "v4" with signing context params: {'region': 'us-east-1', 'signing_name': 's3', 'disableDoubleEncoding': True}
2024-10-28 20:02:54,924 - DEBUG - Event before-call.s3.ListObjectsV2: calling handler <function add_expect_header at 0x000001CB63A3CB80>
2024-10-28 20:02:54,924 - DEBUG - Event before-call.s3.ListObjectsV2: calling handler <bound method S3ExpressIdentityResolver.apply_signing_cache_key of <botocore.utils.S3ExpressIdentityResolver object at 0x000001CB673ADA50>>
2024-10-28 20:02:54,924 - DEBUG - Event before-call.s3.ListObjectsV2: calling handler <function add_recursion_detection_header at 0x000001CB63A23600>
2024-10-28 20:02:54,924 - DEBUG - Event before-call.s3.ListObjectsV2: calling handler <function inject_api_version_header_if_needed at 0x000001CB63A3E0C0>
2024-10-28 20:02:54,924 - DEBUG - Making request for OperationModel(name=ListObjectsV2) with params: {'url_path': '?list-type=2', 'query_string': {'prefix': "Daniel Hill_Daniel's Test Gen Meeting_10-12-2024", 'encoding-type': 'url'}, 'method': 'GET', 'headers': {'User-Agent': 'Boto3/1.34.136 md/Botocore#1.34.136 ua/2.0 os/windows#10 md/arch#amd64 lang/python#3.11.8 md/pyimpl#CPython cfg/retry-mode#legacy Botocore/1.34.136'}, 'body': b'', 'auth_path': '/bucketeer-49500e8b-0f31-49a2-acdb-780834a31e0c/', 'url': 'https://bucketeer-49500e8b-0f31-49a2-acdb-780834a31e0c.s3.amazonaws.com/?list-type=2&prefix=Daniel%20Hill_Daniel%27s%20Test%20Gen%20Meeting_10-12-2024&encoding-type=url', 'context': {'client_region': 'us-east-1', 'client_config': <botocore.config.Config object at 0x000001CB67392BD0>, 'has_streaming_input': False, 'auth_type': 'v4', 'encoding_type_auto_set': True, 's3_redirect': {'redirected': False, 'bucket': 'bucketeer-49500e8b-0f31-49a2-acdb-780834a31e0c', 'params': {'Bucket': 'bucketeer-49500e8b-0f31-49a2-acdb-780834a31e0c', 'Prefix': "Daniel Hill_Daniel's Test Gen Meeting_10-12-2024", 'EncodingType': 'url'}}, 'input_params': {'Bucket': 'bucketeer-49500e8b-0f31-49a2-acdb-780834a31e0c', 'Prefix': "Daniel Hill_Daniel's Test Gen Meeting_10-12-2024"}, 'signing': {'region': 'us-east-1', 'signing_name': 's3', 'disableDoubleEncoding': True}, 'endpoint_properties': {'authSchemes': [{'disableDoubleEncoding': True, 'name': 'sigv4', 'signingName': 's3', 'signingRegion': 'us-east-1'}]}}}
2024-10-28 20:02:54,924 - DEBUG - Event request-created.s3.ListObjectsV2: calling handler <bound method RequestSigner.handler of <botocore.signers.RequestSigner object at 0x000001CB67392B90>>
2024-10-28 20:02:54,924 - DEBUG - Event choose-signer.s3.ListObjectsV2: calling handler <bound method ClientCreator._default_s3_presign_to_sigv2 of <botocore.client.ClientCreator object at 0x000001CB66E3A890>>
2024-10-28 20:02:54,924 - DEBUG - Event choose-signer.s3.ListObjectsV2: calling handler <function set_operation_specific_signer at 0x000001CB63A3C4A0>
2024-10-28 20:02:54,924 - DEBUG - Event before-sign.s3.ListObjectsV2: calling handler <function remove_arn_from_signing_path at 0x000001CB63A3EAC0>
2024-10-28 20:02:54,925 - DEBUG - Event before-sign.s3.ListObjectsV2: calling handler <bound method S3ExpressIdentityResolver.resolve_s3express_identity of <botocore.utils.S3ExpressIdentityResolver object at 0x000001CB673ADA50>>
2024-10-28 20:02:54,925 - DEBUG - Calculating signature using v4 auth.
2024-10-28 20:02:54,925 - DEBUG - CanonicalRequest:
GET
/
encoding-type=url&list-type=2&prefix=Daniel%20Hill_Daniel%27s%20Test%20Gen%20Meeting_10-12-2024
host:bucketeer-49500e8b-0f31-49a2-acdb-780834a31e0c.s3.amazonaws.com
x-amz-content-sha256:e3b0c44298fc1c149afbf4c8996fb92427ae41e4649b934ca495991b7852b855
x-amz-date:20241029T030254Z

host;x-amz-content-sha256;x-amz-date
e3b0c44298fc1c149afbf4c8996fb92427ae41e4649b934ca495991b7852b855
2024-10-28 20:02:54,925 - DEBUG - StringToSign:
AWS4-HMAC-SHA256
20241029T030254Z
20241029/us-east-1/s3/aws4_request
54c2eeae159a0f79249e9a88bdee65dc2c228c64343253ecb2505b09e774c516
2024-10-28 20:02:54,925 - DEBUG - Signature:
b3a0fc807de707e4db551d1d18371a538906def333ef8f3a3bc092d9c19e45ce
2024-10-28 20:02:54,925 - DEBUG - Event request-created.s3.ListObjectsV2: calling handler <function add_retry_headers at 0x000001CB63A3E8E0>
2024-10-28 20:02:54,925 - DEBUG - Sending http request: <AWSPreparedRequest stream_output=False, method=GET, url=https://bucketeer-49500e8b-0f31-49a2-acdb-780834a31e0c.s3.amazonaws.com/?list-type=2&prefix=Daniel%20Hill_Daniel%27s%20Test%20Gen%20Meeting_10-12-2024&encoding-type=url, headers={'User-Agent': b'Boto3/1.34.136 md/Botocore#1.34.136 ua/2.0 os/windows#10 md/arch#amd64 lang/python#3.11.8 md/pyimpl#CPython cfg/retry-mode#legacy Botocore/1.34.136', 'X-Amz-Date': b'20241029T030254Z', 'X-Amz-Content-SHA256': b'e3b0c44298fc1c149afbf4c8996fb92427ae41e4649b934ca495991b7852b855', 'Authorization': b'AWS4-HMAC-SHA256 Credential=AKIAVVKH7VVUNB2BRKXK/20241029/us-east-1/s3/aws4_request, SignedHeaders=host;x-amz-content-sha256;x-amz-date, Signature=b3a0fc807de707e4db551d1d18371a538906def333ef8f3a3bc092d9c19e45ce', 'amz-sdk-invocation-id': b'c28a2803-1cd5-49de-963e-f3d9eb57dcdc', 'amz-sdk-request': b'attempt=1'}>
2024-10-28 20:02:54,925 - DEBUG - Certificate path: C:\Users\Daniel Hill\Documents\THEPROJECT\MAIN\BlenderTranscriptionProject\.venv\Lib\site-packages\certifi\cacert.pem
2024-10-28 20:02:54,925 - DEBUG - Starting new HTTPS connection (1): bucketeer-49500e8b-0f31-49a2-acdb-780834a31e0c.s3.amazonaws.com:443
2024-10-28 20:02:55,400 - DEBUG - https://bucketeer-49500e8b-0f31-49a2-acdb-780834a31e0c.s3.amazonaws.com:443 "GET /?list-type=2&prefix=Daniel%20Hill_Daniel%27s%20Test%20Gen%20Meeting_10-12-2024&encoding-type=url HTTP/11" 200 None
2024-10-28 20:02:55,401 - DEBUG - Response headers: {'x-amz-id-2': 'rpeZ2pRCYKgU2ZyEnVeeB2F33Ec6yqxfMxD2p8hzib0oikseNFlxbEHzVegEckYvqdHmlx8g4BM=', 'x-amz-request-id': 'VEBKGC10E186GDV2', 'Date': 'Tue, 29 Oct 2024 03:02:56 GMT', 'x-amz-bucket-region': 'us-east-1', 'Content-Type': 'application/xml', 'Transfer-Encoding': 'chunked', 'Server': 'AmazonS3'}
2024-10-28 20:02:55,401 - DEBUG - Response body:
b'<?xml version="1.0" encoding="UTF-8"?>\n<ListBucketResult xmlns="http://s3.amazonaws.com/doc/2006-03-01/"><Name>bucketeer-49500e8b-0f31-49a2-acdb-780834a31e0c</Name><Prefix>Daniel+Hill_Daniel%27s+Test+Gen+Meeting_10-12-2024</Prefix><KeyCount>0</KeyCount><MaxKeys>1000</MaxKeys><EncodingType>url</EncodingType><IsTruncated>false</IsTruncated></ListBucketResult>'
2024-10-28 20:02:55,403 - DEBUG - Event needs-retry.s3.ListObjectsV2: calling handler <botocore.retryhandler.RetryHandler object at 0x000001CB659B9110>
2024-10-28 20:02:55,403 - DEBUG - No retry needed.
2024-10-28 20:02:55,403 - DEBUG - Event needs-retry.s3.ListObjectsV2: calling handler <bound method S3RegionRedirectorv2.redirect_from_error of <botocore.utils.S3RegionRedirectorv2 object at 0x000001CB673A18D0>>
2024-10-28 20:02:55,403 - DEBUG - Event after-call.s3.ListObjectsV2: calling handler <function decode_list_object_v2 at 0x000001CB63A3DDA0>
2024-10-28 20:02:55,403 - INFO - Found 0 files to process.
2024-10-28 20:02:55,404 - DEBUG - Starting new HTTPS connection (1): us-west-2.recall.ai:443
2024-10-28 20:02:55,739 - DEBUG - https://us-west-2.recall.ai:443 "GET /api/v1/bot/9cc615ea-3b51-48c2-8f2b-95d6d5ebead1 HTTP/11" 200 4040
2024-10-28 20:02:55,744 - DEBUG - Starting new HTTPS connection (1): us-west-2-recallai-production-bot-data.s3.amazonaws.com:443
2024-10-28 20:02:56,018 - DEBUG - https://us-west-2-recallai-production-bot-data.s3.amazonaws.com:443 "GET /9cc615ea-3b51-48c2-8f2b-95d6d5ebead1/AROA3Z2PRSQANGTUQXHNJ%3Ai-0d9960232b283e76d/video-9088eb24-8184-4dbb-9181-ab4d66490390.mp4?AWSAccessKeyId=ASIA3Z2PRSQAGNXRZU6O&Signature=XdczjQTnGxnd%2FGFcrlrvQdTqH9I%3D&x-amz-security-token=IQoJb3JpZ2luX2VjENf%2F%2F%2F%2F%2F%2F%2F%2F%2F%2FwEaCXVzLXdlc3QtMiJHMEUCIQCbFN4U2%2Bk%2F8Er3Wg3tSnfXyxhlKlnIHdarXe5Q4RB8kwIgdv%2B6Zxw1B42Hf%2BRpUN3vhZytM1nMcCTla46SiTMbw%2BYquwUIUBAAGgw4MTEzNzg3NzUwNDAiDGKF5eJ9OIQjtQArdSqYBdBO6M6CDFx77uPY5Arl0AXOU4b2AkeDlMyOBmavpVIrkwpgqX1z1xvJGctOHxjFosYDm2hK3iTBF7BdgkSx1%2F0g36DwrT6QNhj3YqrqLlrGdUmE8D9YBHHV9mqB7Hsd8UEEoN0yK99w69Ed4%2FMvLIZJ83fjHKvp3pJjqhZIgwi79fywSE87bf9tfNS3bnVPPRqwntl8Ji%2Fkk%2Bcr0THoGuanOACl%2B2t%2FR5mWVtQlCMOVq%2Bekgl%2F5VHccZBmVLpm853zH1WP6y3nL3OYv7gO63ud01RbZOEm8PEehwfB%2FAV0LF2N1F782mTW9F658O4bbt1t6ksR3N5G9eupBRtG1vIhs7pZGZBd7TGJp5DI22PR7UXRaMP5P%2FptqFP8XfJ%2F%2Ff102I8RPokirtibCrtlIHU4L6WqI%2Fa7vBAYtengQ6a%2FevhKnWK8FTg1fBVcKjds80Hi8LASIeQI%2Fm2tZ2hiaQXsGJTrmmsEX2HGgooYTbX9V7EHu7rFalWlmL5hJKtIa65GUXlehn38zirsdKP3ZI2FpQPlbOSMC%2BrV6afR2CpoIfBDTCowggITUZ6RC24tsDAYZsznpPgYIDa%2By60U5K%2FmrJ6jr5GCFWgjrshBvwkhTWsQ0WDwHl9%2BjNxPWLYlUdLPUO7utr8W8OkFor0THDlb2413%2FSV5zTybWY4db9XdGF3fakiJW%2B2PQdrlGTOmLpPiyfVdMrOig4UO8PBIoZsJHsm%2BoqyV%2Bnx7fnASjx1HSUw%2BfnKEGqVFAg3Zbec7%2FIP%2FYYsxDrAY1oIvJrQDp7nObNeQSXTjGZYgvlxUxoavPuol0vqNRnv3LwVK3qVx9dG6L6qDMCK6jOHkwB8ZW1qSMeA%2Fx3PZvAb%2BpSdgo1ArMMYaIIFqO%2BzEw%2FZ6AuQY6sQGL3oCDdSvsOa4Q2UTKLkjoZwva1GecHtuRNOHzKzcAaCvJErWHtGJLxSrv2q3QoWiGqfvrhPOnWIv5LvfSaAmNalQvWsMSTsRlm929EPfDIsDYYij2r4Gw41MzQyFjKrVRoO4Sn7YOQLPO5ceppGF9mH9FFW3ZEaSjE8D%2B6j832IVd3eoU%2B%2BPYjpwjrsmJacuzFy7fxKuQKN0L5qS1WN%2FFpJxg9GXOtGIOj2HsgglgVFw%3D&Expires=1730192576 HTTP/11" 200 8120812
2024-10-28 20:02:56,829 - DEBUG - 
def process_recall_video(video_filepath, bot_id, user_id, meeting_name, org_id):
    return 1

2024-10-28 20:02:56,830 - INFO - Processing video for bot 9cc615ea-3b51-48c2-8f2b-95d6d5ebead1
2024-10-28 20:02:56,832 - ERROR - Error processing video for bot 9cc615ea-3b51-48c2-8f2b-95d6d5ebead1: Working outside of application context.

This typically means that you attempted to use functionality that needed
the current application. To solve this, set up an application context
with app.app_context(). See the documentation for more information.
2024-10-28 20:02:57,038 - DEBUG - {"topologyId": {"$oid": "6720505e1a0ccc28a1673470"}, "serverHost": "cluster0-shard-00-00.ebbax.mongodb.net", "serverPort": 27017, "awaited": true, "durationMS": 2546.9999999913853, "failure": "\"_OperationCancelled('operation cancelled')\"", "message": "Server heartbeat failed"}
2024-10-28 20:02:57,038 - DEBUG - {"topologyId": {"$oid": "6720505e1a0ccc28a1673470"}, "serverHost": "cluster0-shard-00-02.ebbax.mongodb.net", "serverPort": 27017, "awaited": true, "durationMS": 2562.000000005355, "failure": "\"_OperationCancelled('operation cancelled')\"", "message": "Server heartbeat failed"}
2024-10-28 20:02:57,053 - DEBUG - {"topologyId": {"$oid": "6720505e1a0ccc28a1673470"}, "serverHost": "cluster0-shard-00-01.ebbax.mongodb.net", "serverPort": 27017, "awaited": true, "durationMS": 2546.9999999913853, "failure": "\"_OperationCancelled('operation cancelled')\"", "message": "Server heartbeat failed"}
